\BOOKMARK [0][-]{chapter.1}{\376\377\000N\000a\000m\000e\000s\000p\000a\000c\000e\000\040\000I\000n\000d\000e\000x}{}% 1
\BOOKMARK [1][-]{section.1.1}{\376\377\000N\000a\000m\000e\000s\000p\000a\000c\000e\000\040\000L\000i\000s\000t}{chapter.1}% 2
\BOOKMARK [0][-]{chapter.2}{\376\377\000H\000i\000e\000r\000a\000r\000c\000h\000i\000c\000a\000l\000\040\000I\000n\000d\000e\000x}{}% 3
\BOOKMARK [1][-]{section.2.1}{\376\377\000C\000l\000a\000s\000s\000\040\000H\000i\000e\000r\000a\000r\000c\000h\000y}{chapter.2}% 4
\BOOKMARK [0][-]{chapter.3}{\376\377\000C\000l\000a\000s\000s\000\040\000I\000n\000d\000e\000x}{}% 5
\BOOKMARK [1][-]{section.3.1}{\376\377\000C\000l\000a\000s\000s\000\040\000L\000i\000s\000t}{chapter.3}% 6
\BOOKMARK [0][-]{chapter.4}{\376\377\000N\000a\000m\000e\000s\000p\000a\000c\000e\000\040\000D\000o\000c\000u\000m\000e\000n\000t\000a\000t\000i\000o\000n}{}% 7
\BOOKMARK [1][-]{section.4.1}{\376\377\000c\000o\000c\000o\000\040\000N\000a\000m\000e\000s\000p\000a\000c\000e\000\040\000R\000e\000f\000e\000r\000e\000n\000c\000e}{chapter.4}% 8
\BOOKMARK [2][-]{subsection.4.1.1}{\376\377\000D\000e\000t\000a\000i\000l\000e\000d\000\040\000D\000e\000s\000c\000r\000i\000p\000t\000i\000o\000n}{section.4.1}% 9
\BOOKMARK [2][-]{subsection.4.1.2}{\376\377\000F\000u\000n\000c\000t\000i\000o\000n\000\040\000D\000o\000c\000u\000m\000e\000n\000t\000a\000t\000i\000o\000n}{section.4.1}% 10
\BOOKMARK [3][-]{subsubsection.4.1.2.1}{\376\377\000m\000a\000k\000e\000C\000o\000n\000n\000e\000c\000t\000i\000o\000n}{subsection.4.1.2}% 11
\BOOKMARK [0][-]{chapter.5}{\376\377\000C\000l\000a\000s\000s\000\040\000D\000o\000c\000u\000m\000e\000n\000t\000a\000t\000i\000o\000n}{}% 12
\BOOKMARK [1][-]{section.5.1}{\376\377\000c\000o\000c\000o\000:\000:\000A\000c\000t\000i\000v\000i\000t\000y\000\040\000C\000l\000a\000s\000s\000\040\000R\000e\000f\000e\000r\000e\000n\000c\000e}{chapter.5}% 13
\BOOKMARK [2][-]{subsection.5.1.1}{\376\377\000D\000e\000t\000a\000i\000l\000e\000d\000\040\000D\000e\000s\000c\000r\000i\000p\000t\000i\000o\000n}{section.5.1}% 14
\BOOKMARK [1][-]{section.5.2}{\376\377\000c\000o\000c\000o\000:\000:\000A\000t\000t\000r\000i\000b\000u\000t\000e\000<\000\040\000T\000\040\000>\000\040\000C\000l\000a\000s\000s\000\040\000T\000e\000m\000p\000l\000a\000t\000e\000\040\000R\000e\000f\000e\000r\000e\000n\000c\000e}{chapter.5}% 15
\BOOKMARK [2][-]{subsection.5.2.1}{\376\377\000D\000e\000t\000a\000i\000l\000e\000d\000\040\000D\000e\000s\000c\000r\000i\000p\000t\000i\000o\000n}{section.5.2}% 16
\BOOKMARK [1][-]{section.5.3}{\376\377\000c\000o\000c\000o\000:\000:\000A\000t\000t\000r\000i\000b\000u\000t\000e\000B\000a\000s\000e\000\040\000C\000l\000a\000s\000s\000\040\000R\000e\000f\000e\000r\000e\000n\000c\000e}{chapter.5}% 17
\BOOKMARK [2][-]{subsection.5.3.1}{\376\377\000D\000e\000t\000a\000i\000l\000e\000d\000\040\000D\000e\000s\000c\000r\000i\000p\000t\000i\000o\000n}{section.5.3}% 18
\BOOKMARK [1][-]{section.5.4}{\376\377\000c\000o\000c\000o\000:\000:\000C\000o\000m\000p\000o\000n\000e\000n\000t\000R\000e\000g\000i\000s\000t\000r\000y\000\040\000C\000l\000a\000s\000s\000\040\000R\000e\000f\000e\000r\000e\000n\000c\000e}{chapter.5}% 19
\BOOKMARK [2][-]{subsection.5.4.1}{\376\377\000D\000e\000t\000a\000i\000l\000e\000d\000\040\000D\000e\000s\000c\000r\000i\000p\000t\000i\000o\000n}{section.5.4}% 20
\BOOKMARK [1][-]{section.5.5}{\376\377\000c\000o\000c\000o\000:\000:\000C\000o\000m\000p\000o\000n\000e\000n\000t\000S\000p\000e\000c\000\040\000C\000l\000a\000s\000s\000\040\000R\000e\000f\000e\000r\000e\000n\000c\000e}{chapter.5}% 21
\BOOKMARK [2][-]{subsection.5.5.1}{\376\377\000D\000e\000t\000a\000i\000l\000e\000d\000\040\000D\000e\000s\000c\000r\000i\000p\000t\000i\000o\000n}{section.5.5}% 22
\BOOKMARK [1][-]{section.5.6}{\376\377\000c\000o\000c\000o\000:\000:\000C\000o\000n\000n\000e\000c\000t\000i\000o\000n\000B\000a\000s\000e\000\040\000C\000l\000a\000s\000s\000\040\000R\000e\000f\000e\000r\000e\000n\000c\000e}{chapter.5}% 23
\BOOKMARK [2][-]{subsection.5.6.1}{\376\377\000D\000e\000t\000a\000i\000l\000e\000d\000\040\000D\000e\000s\000c\000r\000i\000p\000t\000i\000o\000n}{section.5.6}% 24
\BOOKMARK [2][-]{subsection.5.6.2}{\376\377\000M\000e\000m\000b\000e\000r\000\040\000F\000u\000n\000c\000t\000i\000o\000n\000\040\000D\000o\000c\000u\000m\000e\000n\000t\000a\000t\000i\000o\000n}{section.5.6}% 25
\BOOKMARK [3][-]{subsubsection.5.6.2.1}{\376\377\000h\000a\000s\000N\000e\000w\000D\000a\000t\000a}{subsection.5.6.2}% 26
\BOOKMARK [3][-]{subsubsection.5.6.2.2}{\376\377\000t\000r\000i\000g\000g\000e\000r}{subsection.5.6.2}% 27
\BOOKMARK [1][-]{section.5.7}{\376\377\000c\000o\000c\000o\000:\000:\000C\000o\000n\000n\000e\000c\000t\000i\000o\000n\000B\000u\000f\000f\000e\000r\000L\000<\000\040\000T\000\040\000>\000\040\000C\000l\000a\000s\000s\000\040\000T\000e\000m\000p\000l\000a\000t\000e\000\040\000R\000e\000f\000e\000r\000e\000n\000c\000e}{chapter.5}% 28
\BOOKMARK [2][-]{subsection.5.7.1}{\376\377\000D\000e\000t\000a\000i\000l\000e\000d\000\040\000D\000e\000s\000c\000r\000i\000p\000t\000i\000o\000n}{section.5.7}% 29
\BOOKMARK [1][-]{section.5.8}{\376\377\000c\000o\000c\000o\000:\000:\000C\000o\000n\000n\000e\000c\000t\000i\000o\000n\000B\000u\000f\000f\000e\000r\000U\000<\000\040\000T\000\040\000>\000\040\000C\000l\000a\000s\000s\000\040\000T\000e\000m\000p\000l\000a\000t\000e\000\040\000R\000e\000f\000e\000r\000e\000n\000c\000e}{chapter.5}% 30
\BOOKMARK [2][-]{subsection.5.8.1}{\376\377\000D\000e\000t\000a\000i\000l\000e\000d\000\040\000D\000e\000s\000c\000r\000i\000p\000t\000i\000o\000n}{section.5.8}% 31
\BOOKMARK [1][-]{section.5.9}{\376\377\000c\000o\000c\000o\000:\000:\000C\000o\000n\000n\000e\000c\000t\000i\000o\000n\000D\000a\000t\000a\000L\000<\000\040\000T\000\040\000>\000\040\000C\000l\000a\000s\000s\000\040\000T\000e\000m\000p\000l\000a\000t\000e\000\040\000R\000e\000f\000e\000r\000e\000n\000c\000e}{chapter.5}% 32
\BOOKMARK [2][-]{subsection.5.9.1}{\376\377\000D\000e\000t\000a\000i\000l\000e\000d\000\040\000D\000e\000s\000c\000r\000i\000p\000t\000i\000o\000n}{section.5.9}% 33
\BOOKMARK [1][-]{section.5.10}{\376\377\000c\000o\000c\000o\000:\000:\000C\000o\000n\000n\000e\000c\000t\000i\000o\000n\000D\000a\000t\000a\000U\000<\000\040\000T\000\040\000>\000\040\000C\000l\000a\000s\000s\000\040\000T\000e\000m\000p\000l\000a\000t\000e\000\040\000R\000e\000f\000e\000r\000e\000n\000c\000e}{chapter.5}% 34
\BOOKMARK [2][-]{subsection.5.10.1}{\376\377\000D\000e\000t\000a\000i\000l\000e\000d\000\040\000D\000e\000s\000c\000r\000i\000p\000t\000i\000o\000n}{section.5.10}% 35
\BOOKMARK [1][-]{section.5.11}{\376\377\000c\000o\000c\000o\000:\000:\000C\000o\000n\000n\000e\000c\000t\000i\000o\000n\000M\000a\000n\000a\000g\000e\000r\000\040\000C\000l\000a\000s\000s\000\040\000R\000e\000f\000e\000r\000e\000n\000c\000e}{chapter.5}% 36
\BOOKMARK [2][-]{subsection.5.11.1}{\376\377\000D\000e\000t\000a\000i\000l\000e\000d\000\040\000D\000e\000s\000c\000r\000i\000p\000t\000i\000o\000n}{section.5.11}% 37
\BOOKMARK [1][-]{section.5.12}{\376\377\000c\000o\000c\000o\000:\000:\000C\000o\000n\000n\000e\000c\000t\000i\000o\000n\000P\000o\000l\000i\000c\000y\000\040\000S\000t\000r\000u\000c\000t\000\040\000R\000e\000f\000e\000r\000e\000n\000c\000e}{chapter.5}% 38
\BOOKMARK [2][-]{subsection.5.12.1}{\376\377\000D\000e\000t\000a\000i\000l\000e\000d\000\040\000D\000e\000s\000c\000r\000i\000p\000t\000i\000o\000n}{section.5.12}% 39
\BOOKMARK [2][-]{subsection.5.12.2}{\376\377\000C\000o\000n\000s\000t\000r\000u\000c\000t\000o\000r\000\040\000\046\000\040\000D\000e\000s\000t\000r\000u\000c\000t\000o\000r\000\040\000D\000o\000c\000u\000m\000e\000n\000t\000a\000t\000i\000o\000n}{section.5.12}% 40
\BOOKMARK [3][-]{subsubsection.5.12.2.1}{\376\377\000C\000o\000n\000n\000e\000c\000t\000i\000o\000n\000P\000o\000l\000i\000c\000y}{subsection.5.12.2}% 41
\BOOKMARK [2][-]{subsection.5.12.3}{\376\377\000M\000e\000m\000b\000e\000r\000\040\000D\000a\000t\000a\000\040\000D\000o\000c\000u\000m\000e\000n\000t\000a\000t\000i\000o\000n}{section.5.12}% 42
\BOOKMARK [3][-]{subsubsection.5.12.3.1}{\376\377\000b\000u\000f\000f\000e\000r\000\137\000s\000i\000z\000e\000\137}{subsection.5.12.3}% 43
\BOOKMARK [3][-]{subsubsection.5.12.3.2}{\376\377\000d\000a\000t\000a\000\137\000p\000o\000l\000i\000c\000y\000\137}{subsection.5.12.3}% 44
\BOOKMARK [3][-]{subsubsection.5.12.3.3}{\376\377\000i\000n\000i\000t\000\137}{subsection.5.12.3}% 45
\BOOKMARK [1][-]{section.5.13}{\376\377\000c\000o\000c\000o\000:\000:\000C\000o\000n\000n\000e\000c\000t\000i\000o\000n\000T\000<\000\040\000T\000\040\000>\000\040\000C\000l\000a\000s\000s\000\040\000T\000e\000m\000p\000l\000a\000t\000e\000\040\000R\000e\000f\000e\000r\000e\000n\000c\000e}{chapter.5}% 46
\BOOKMARK [2][-]{subsection.5.13.1}{\376\377\000D\000e\000t\000a\000i\000l\000e\000d\000\040\000D\000e\000s\000c\000r\000i\000p\000t\000i\000o\000n}{section.5.13}% 47
\BOOKMARK [1][-]{section.5.14}{\376\377\000c\000o\000c\000o\000:\000:\000E\000x\000e\000c\000u\000t\000i\000o\000n\000E\000n\000g\000i\000n\000e\000\040\000C\000l\000a\000s\000s\000\040\000R\000e\000f\000e\000r\000e\000n\000c\000e}{chapter.5}% 48
\BOOKMARK [2][-]{subsection.5.14.1}{\376\377\000D\000e\000t\000a\000i\000l\000e\000d\000\040\000D\000e\000s\000c\000r\000i\000p\000t\000i\000o\000n}{section.5.14}% 49
\BOOKMARK [1][-]{section.5.15}{\376\377\000c\000o\000c\000o\000:\000:\000i\000m\000p\000l\000:\000:\000g\000e\000t\000f\000u\000n\000c\000t\000i\000o\000n\000e\000r\000<\000\040\000T\000\040\000>\000\040\000S\000t\000r\000u\000c\000t\000\040\000T\000e\000m\000p\000l\000a\000t\000e\000\040\000R\000e\000f\000e\000r\000e\000n\000c\000e}{chapter.5}% 50
\BOOKMARK [1][-]{section.5.16}{\376\377\000c\000o\000c\000o\000:\000:\000i\000m\000p\000l\000:\000:\000g\000e\000t\000f\000u\000n\000c\000t\000i\000o\000n\000e\000r\000<\000\040\000R\000\050\000A\000r\000g\000s\000.\000.\000.\000\051\000>\000\040\000S\000t\000r\000u\000c\000t\000\040\000T\000e\000m\000p\000l\000a\000t\000e\000\040\000R\000e\000f\000e\000r\000e\000n\000c\000e}{chapter.5}% 51
\BOOKMARK [1][-]{section.5.17}{\376\377\000c\000o\000c\000o\000:\000:\000i\000m\000p\000l\000:\000:\000g\000e\000t\000f\000u\000n\000c\000t\000i\000o\000n\000e\000r\000<\000\040\000R\000\050\000U\000:\000:\000\051\000\050\000A\000r\000g\000s\000.\000.\000.\000\051\000\040\000>\000\040\000S\000t\000r\000u\000c\000t\000\040\000T\000e\000m\000p\000l\000a\000t\000e\000\040\000R\000e\000f\000e\000r\000e\000n\000c\000e}{chapter.5}% 52
\BOOKMARK [1][-]{section.5.18}{\376\377\000c\000o\000c\000o\000:\000:\000i\000m\000p\000l\000:\000:\000g\000e\000t\000f\000u\000n\000c\000t\000i\000o\000n\000e\000r\000<\000\040\000s\000t\000d\000:\000:\000f\000u\000n\000c\000t\000i\000o\000n\000<\000\040\000R\000\050\000A\000r\000g\000s\000.\000.\000.\000\051\000\040\000>\000\040\000>\000\040\000S\000t\000r\000u\000c\000t\000\040\000T\000e\000m\000p\000l\000a\000t\000e\000\040\000R\000e\000f\000e\000r\000e\000n\000c\000e}{chapter.5}% 53
\BOOKMARK [1][-]{section.5.19}{\376\377\000c\000o\000c\000o\000:\000:\000I\000n\000p\000u\000t\000P\000o\000r\000t\000<\000\040\000T\000\040\000>\000\040\000C\000l\000a\000s\000s\000\040\000T\000e\000m\000p\000l\000a\000t\000e\000\040\000R\000e\000f\000e\000r\000e\000n\000c\000e}{chapter.5}% 54
\BOOKMARK [2][-]{subsection.5.19.1}{\376\377\000D\000e\000t\000a\000i\000l\000e\000d\000\040\000D\000e\000s\000c\000r\000i\000p\000t\000i\000o\000n}{section.5.19}% 55
\BOOKMARK [1][-]{section.5.20}{\376\377\000c\000o\000c\000o\000:\000:\000i\000m\000p\000l\000:\000:\000i\000n\000t\000\137\000s\000e\000q\000u\000e\000n\000c\000e\000<\000>\000\040\000S\000t\000r\000u\000c\000t\000\040\000T\000e\000m\000p\000l\000a\000t\000e\000\040\000R\000e\000f\000e\000r\000e\000n\000c\000e}{chapter.5}% 56
\BOOKMARK [1][-]{section.5.21}{\376\377\000s\000t\000d\000:\000:\000i\000s\000\137\000p\000l\000a\000c\000e\000h\000o\000l\000d\000e\000r\000<\000\040\000p\000l\000a\000c\000e\000h\000o\000l\000d\000e\000r\000\137\000t\000e\000m\000p\000l\000a\000t\000e\000<\000\040\000N\000\040\000>\000\040\000>\000\040\000S\000t\000r\000u\000c\000t\000\040\000T\000e\000m\000p\000l\000a\000t\000e\000\040\000R\000e\000f\000e\000r\000e\000n\000c\000e}{chapter.5}% 57
\BOOKMARK [1][-]{section.5.22}{\376\377\000c\000o\000c\000o\000:\000:\000i\000m\000p\000l\000:\000:\000m\000a\000k\000e\000\137\000i\000n\000t\000\137\000s\000e\000q\000u\000e\000n\000c\000e\000<\000\040\000N\000,\000\040\000I\000s\000\040\000>\000\040\000S\000t\000r\000u\000c\000t\000\040\000T\000e\000m\000p\000l\000a\000t\000e\000\040\000R\000e\000f\000e\000r\000e\000n\000c\000e}{chapter.5}% 58
\BOOKMARK [1][-]{section.5.23}{\376\377\000c\000o\000c\000o\000:\000:\000i\000m\000p\000l\000:\000:\000m\000a\000k\000e\000\137\000i\000n\000t\000\137\000s\000e\000q\000u\000e\000n\000c\000e\000<\000\040\0000\000,\000\040\000I\000s\000.\000.\000.\000>\000\040\000S\000t\000r\000u\000c\000t\000\040\000T\000e\000m\000p\000l\000a\000t\000e\000\040\000R\000e\000f\000e\000r\000e\000n\000c\000e}{chapter.5}% 59
\BOOKMARK [1][-]{section.5.24}{\376\377\000c\000o\000c\000o\000:\000:\000O\000p\000e\000r\000a\000t\000i\000o\000n\000<\000\040\000T\000\040\000>\000\040\000C\000l\000a\000s\000s\000\040\000T\000e\000m\000p\000l\000a\000t\000e\000\040\000R\000e\000f\000e\000r\000e\000n\000c\000e}{chapter.5}% 60
\BOOKMARK [2][-]{subsection.5.24.1}{\376\377\000D\000e\000t\000a\000i\000l\000e\000d\000\040\000D\000e\000s\000c\000r\000i\000p\000t\000i\000o\000n}{section.5.24}% 61
\BOOKMARK [2][-]{subsection.5.24.2}{\376\377\000M\000e\000m\000b\000e\000r\000\040\000F\000u\000n\000c\000t\000i\000o\000n\000\040\000D\000o\000c\000u\000m\000e\000n\000t\000a\000t\000i\000o\000n}{section.5.24}% 62
\BOOKMARK [3][-]{subsubsection.5.24.2.1}{\376\377\000a\000s\000f\000x}{subsection.5.24.2}% 63
\BOOKMARK [1][-]{section.5.25}{\376\377\000c\000o\000c\000o\000:\000:\000O\000p\000e\000r\000a\000t\000i\000o\000n\000B\000a\000s\000e\000\040\000C\000l\000a\000s\000s\000\040\000R\000e\000f\000e\000r\000e\000n\000c\000e}{chapter.5}% 64
\BOOKMARK [2][-]{subsection.5.25.1}{\376\377\000D\000e\000t\000a\000i\000l\000e\000d\000\040\000D\000e\000s\000c\000r\000i\000p\000t\000i\000o\000n}{section.5.25}% 65
\BOOKMARK [2][-]{subsection.5.25.2}{\376\377\000M\000e\000m\000b\000e\000r\000\040\000F\000u\000n\000c\000t\000i\000o\000n\000\040\000D\000o\000c\000u\000m\000e\000n\000t\000a\000t\000i\000o\000n}{section.5.25}% 66
\BOOKMARK [3][-]{subsubsection.5.25.2.1}{\376\377\000a\000s\000f\000x}{subsection.5.25.2}% 67
\BOOKMARK [1][-]{section.5.26}{\376\377\000c\000o\000c\000o\000:\000:\000O\000u\000t\000p\000u\000t\000P\000o\000r\000t\000<\000\040\000T\000\040\000>\000\040\000C\000l\000a\000s\000s\000\040\000T\000e\000m\000p\000l\000a\000t\000e\000\040\000R\000e\000f\000e\000r\000e\000n\000c\000e}{chapter.5}% 68
\BOOKMARK [2][-]{subsection.5.26.1}{\376\377\000D\000e\000t\000a\000i\000l\000e\000d\000\040\000D\000e\000s\000c\000r\000i\000p\000t\000i\000o\000n}{section.5.26}% 69
\BOOKMARK [1][-]{section.5.27}{\376\377\000c\000o\000c\000o\000:\000:\000P\000a\000r\000a\000l\000l\000e\000l\000A\000c\000t\000i\000v\000i\000t\000y\000\040\000C\000l\000a\000s\000s\000\040\000R\000e\000f\000e\000r\000e\000n\000c\000e}{chapter.5}% 70
\BOOKMARK [2][-]{subsection.5.27.1}{\376\377\000D\000e\000t\000a\000i\000l\000e\000d\000\040\000D\000e\000s\000c\000r\000i\000p\000t\000i\000o\000n}{section.5.27}% 71
\BOOKMARK [1][-]{section.5.28}{\376\377\000s\000t\000d\000:\000:\000p\000l\000a\000c\000e\000h\000o\000l\000d\000e\000r\000\137\000t\000e\000m\000p\000l\000a\000t\000e\000<\000\040\000i\000n\000t\000\040\000>\000\040\000S\000t\000r\000u\000c\000t\000\040\000T\000e\000m\000p\000l\000a\000t\000e\000\040\000R\000e\000f\000e\000r\000e\000n\000c\000e}{chapter.5}% 72
\BOOKMARK [1][-]{section.5.29}{\376\377\000c\000o\000c\000o\000:\000:\000P\000o\000r\000t\000B\000a\000s\000e\000\040\000C\000l\000a\000s\000s\000\040\000R\000e\000f\000e\000r\000e\000n\000c\000e}{chapter.5}% 73
\BOOKMARK [2][-]{subsection.5.29.1}{\376\377\000D\000e\000t\000a\000i\000l\000e\000d\000\040\000D\000e\000s\000c\000r\000i\000p\000t\000i\000o\000n}{section.5.29}% 74
\BOOKMARK [2][-]{subsection.5.29.2}{\376\377\000M\000e\000m\000b\000e\000r\000\040\000F\000u\000n\000c\000t\000i\000o\000n\000\040\000D\000o\000c\000u\000m\000e\000n\000t\000a\000t\000i\000o\000n}{section.5.29}% 75
\BOOKMARK [3][-]{subsubsection.5.29.2.1}{\376\377\000t\000r\000i\000g\000g\000e\000r\000C\000o\000m\000p\000o\000n\000e\000n\000t}{subsection.5.29.2}% 76
\BOOKMARK [1][-]{section.5.30}{\376\377\000c\000o\000c\000o\000:\000:\000P\000r\000o\000p\000e\000r\000t\000y\000<\000\040\000T\000\040\000>\000\040\000C\000l\000a\000s\000s\000\040\000T\000e\000m\000p\000l\000a\000t\000e\000\040\000R\000e\000f\000e\000r\000e\000n\000c\000e}{chapter.5}% 77
\BOOKMARK [2][-]{subsection.5.30.1}{\376\377\000D\000e\000t\000a\000i\000l\000e\000d\000\040\000D\000e\000s\000c\000r\000i\000p\000t\000i\000o\000n}{section.5.30}% 78
\BOOKMARK [1][-]{section.5.31}{\376\377\000c\000o\000c\000o\000:\000:\000P\000r\000o\000p\000e\000r\000t\000y\000B\000a\000s\000e\000\040\000C\000l\000a\000s\000s\000\040\000R\000e\000f\000e\000r\000e\000n\000c\000e}{chapter.5}% 79
\BOOKMARK [2][-]{subsection.5.31.1}{\376\377\000D\000e\000t\000a\000i\000l\000e\000d\000\040\000D\000e\000s\000c\000r\000i\000p\000t\000i\000o\000n}{section.5.31}% 80
\BOOKMARK [1][-]{section.5.32}{\376\377\000c\000o\000c\000o\000:\000:\000R\000u\000n\000n\000a\000b\000l\000e\000I\000n\000t\000e\000r\000f\000a\000c\000e\000\040\000C\000l\000a\000s\000s\000\040\000R\000e\000f\000e\000r\000e\000n\000c\000e}{chapter.5}% 81
\BOOKMARK [2][-]{subsection.5.32.1}{\376\377\000D\000e\000t\000a\000i\000l\000e\000d\000\040\000D\000e\000s\000c\000r\000i\000p\000t\000i\000o\000n}{section.5.32}% 82
\BOOKMARK [1][-]{section.5.33}{\376\377\000c\000o\000c\000o\000:\000:\000S\000c\000h\000e\000d\000u\000l\000e\000P\000o\000l\000i\000c\000y\000\040\000S\000t\000r\000u\000c\000t\000\040\000R\000e\000f\000e\000r\000e\000n\000c\000e}{chapter.5}% 83
\BOOKMARK [2][-]{subsection.5.33.1}{\376\377\000D\000e\000t\000a\000i\000l\000e\000d\000\040\000D\000e\000s\000c\000r\000i\000p\000t\000i\000o\000n}{section.5.33}% 84
\BOOKMARK [1][-]{section.5.34}{\376\377\000c\000o\000c\000o\000:\000:\000S\000e\000q\000u\000e\000n\000t\000i\000a\000l\000A\000c\000t\000i\000v\000i\000t\000y\000\040\000C\000l\000a\000s\000s\000\040\000R\000e\000f\000e\000r\000e\000n\000c\000e}{chapter.5}% 85
\BOOKMARK [2][-]{subsection.5.34.1}{\376\377\000D\000e\000t\000a\000i\000l\000e\000d\000\040\000D\000e\000s\000c\000r\000i\000p\000t\000i\000o\000n}{section.5.34}% 86
\BOOKMARK [1][-]{section.5.35}{\376\377\000c\000o\000c\000o\000:\000:\000S\000e\000r\000v\000i\000c\000e\000\040\000C\000l\000a\000s\000s\000\040\000R\000e\000f\000e\000r\000e\000n\000c\000e}{chapter.5}% 87
\BOOKMARK [2][-]{subsection.5.35.1}{\376\377\000D\000e\000t\000a\000i\000l\000e\000d\000\040\000D\000e\000s\000c\000r\000i\000p\000t\000i\000o\000n}{section.5.35}% 88
\BOOKMARK [1][-]{section.5.36}{\376\377\000c\000o\000c\000o\000:\000:\000T\000a\000s\000k\000C\000o\000n\000t\000e\000x\000t\000\040\000C\000l\000a\000s\000s\000\040\000R\000e\000f\000e\000r\000e\000n\000c\000e}{chapter.5}% 89
\BOOKMARK [2][-]{subsection.5.36.1}{\376\377\000D\000e\000t\000a\000i\000l\000e\000d\000\040\000D\000e\000s\000c\000r\000i\000p\000t\000i\000o\000n}{section.5.36}% 90
\BOOKMARK [1][-]{section.5.37}{\376\377\000c\000o\000c\000o\000:\000:\000T\000a\000s\000k\000C\000o\000n\000t\000e\000x\000t\000T\000<\000\040\000T\000\040\000>\000\040\000C\000l\000a\000s\000s\000\040\000T\000e\000m\000p\000l\000a\000t\000e\000\040\000R\000e\000f\000e\000r\000e\000n\000c\000e}{chapter.5}% 91
\BOOKMARK [-1][-]{section*.100}{\376\377\000I\000n\000d\000e\000x}{}% 92
