The system is: Linux - 3.16.0-60-generic - x86_64
Compiling the C compiler identification source file "CMakeCCompilerId.c" succeeded.
Compiler: /usr/bin/cc 
Build flags: -g;-O2;-fstack-protector;--param=ssp-buffer-size=4;-Wformat;-Werror=format-security;-D_FORTIFY_SOURCE=2
Id flags: 

The output was:
0


Compilation of the C compiler identification source "CMakeCCompilerId.c" produced "a.out"

The C compiler identification is GNU, found in "/home/pippo/Libraries/coco/ros_launcher/src/coco_ros_launcher/obj-x86_64-linux-gnu/CMakeFiles/3.2.2/CompilerIdC/a.out"

Compiling the CXX compiler identification source file "CMakeCXXCompilerId.cpp" succeeded.
Compiler: /usr/bin/c++ 
Build flags: -g;-O2;-fstack-protector;--param=ssp-buffer-size=4;-Wformat;-Werror=format-security;-DNDEBUG;-D_FORTIFY_SOURCE=2
Id flags: 

The output was:
0


Compilation of the CXX compiler identification source "CMakeCXXCompilerId.cpp" produced "a.out"

The CXX compiler identification is GNU, found in "/home/pippo/Libraries/coco/ros_launcher/src/coco_ros_launcher/obj-x86_64-linux-gnu/CMakeFiles/3.2.2/CompilerIdCXX/a.out"

Determining if the C compiler works passed with the following output:
Change Dir: /home/pippo/Libraries/coco/ros_launcher/src/coco_ros_launcher/obj-x86_64-linux-gnu/CMakeFiles/CMakeTmp

Run Build Command:"/usr/bin/make" "cmTryCompileExec1279073327/fast"
make[2]: Entering directory `/home/pippo/Libraries/coco/ros_launcher/src/coco_ros_launcher/obj-x86_64-linux-gnu/CMakeFiles/CMakeTmp'
/usr/bin/make -f CMakeFiles/cmTryCompileExec1279073327.dir/build.make CMakeFiles/cmTryCompileExec1279073327.dir/build
make[3]: Entering directory `/home/pippo/Libraries/coco/ros_launcher/src/coco_ros_launcher/obj-x86_64-linux-gnu/CMakeFiles/CMakeTmp'
/usr/bin/cmake -E cmake_progress_report /home/pippo/Libraries/coco/ros_launcher/src/coco_ros_launcher/obj-x86_64-linux-gnu/CMakeFiles/CMakeTmp/CMakeFiles 1
Building C object CMakeFiles/cmTryCompileExec1279073327.dir/testCCompiler.c.o
/usr/bin/cc   -g -O2 -fstack-protector --param=ssp-buffer-size=4 -Wformat -Werror=format-security -D_FORTIFY_SOURCE=2     -o CMakeFiles/cmTryCompileExec1279073327.dir/testCCompiler.c.o   -c /home/pippo/Libraries/coco/ros_launcher/src/coco_ros_launcher/obj-x86_64-linux-gnu/CMakeFiles/CMakeTmp/testCCompiler.c
Linking C executable cmTryCompileExec1279073327
/usr/bin/cmake -E cmake_link_script CMakeFiles/cmTryCompileExec1279073327.dir/link.txt --verbose=1
/usr/bin/cc  -g -O2 -fstack-protector --param=ssp-buffer-size=4 -Wformat -Werror=format-security -D_FORTIFY_SOURCE=2      CMakeFiles/cmTryCompileExec1279073327.dir/testCCompiler.c.o  -o cmTryCompileExec1279073327 -rdynamic 
make[3]: Leaving directory `/home/pippo/Libraries/coco/ros_launcher/src/coco_ros_launcher/obj-x86_64-linux-gnu/CMakeFiles/CMakeTmp'
make[2]: Leaving directory `/home/pippo/Libraries/coco/ros_launcher/src/coco_ros_launcher/obj-x86_64-linux-gnu/CMakeFiles/CMakeTmp'


Detecting C compiler ABI info compiled with the following output:
Change Dir: /home/pippo/Libraries/coco/ros_launcher/src/coco_ros_launcher/obj-x86_64-linux-gnu/CMakeFiles/CMakeTmp

Run Build Command:"/usr/bin/make" "cmTryCompileExec2523607490/fast"
make[2]: Entering directory `/home/pippo/Libraries/coco/ros_launcher/src/coco_ros_launcher/obj-x86_64-linux-gnu/CMakeFiles/CMakeTmp'
/usr/bin/make -f CMakeFiles/cmTryCompileExec2523607490.dir/build.make CMakeFiles/cmTryCompileExec2523607490.dir/build
make[3]: Entering directory `/home/pippo/Libraries/coco/ros_launcher/src/coco_ros_launcher/obj-x86_64-linux-gnu/CMakeFiles/CMakeTmp'
/usr/bin/cmake -E cmake_progress_report /home/pippo/Libraries/coco/ros_launcher/src/coco_ros_launcher/obj-x86_64-linux-gnu/CMakeFiles/CMakeTmp/CMakeFiles 1
Building C object CMakeFiles/cmTryCompileExec2523607490.dir/CMakeCCompilerABI.c.o
/usr/bin/cc   -g -O2 -fstack-protector --param=ssp-buffer-size=4 -Wformat -Werror=format-security -D_FORTIFY_SOURCE=2     -o CMakeFiles/cmTryCompileExec2523607490.dir/CMakeCCompilerABI.c.o   -c /usr/share/cmake-3.2/Modules/CMakeCCompilerABI.c
Linking C executable cmTryCompileExec2523607490
/usr/bin/cmake -E cmake_link_script CMakeFiles/cmTryCompileExec2523607490.dir/link.txt --verbose=1
/usr/bin/cc  -g -O2 -fstack-protector --param=ssp-buffer-size=4 -Wformat -Werror=format-security -D_FORTIFY_SOURCE=2     -v CMakeFiles/cmTryCompileExec2523607490.dir/CMakeCCompilerABI.c.o  -o cmTryCompileExec2523607490 -rdynamic  
Using built-in specs.
COLLECT_GCC=/usr/bin/cc
COLLECT_LTO_WRAPPER=/usr/lib/gcc/x86_64-linux-gnu/4.8/lto-wrapper
Target: x86_64-linux-gnu
Configured with: ../src/configure -v --with-pkgversion='Ubuntu 4.8.4-2ubuntu1~14.04.1' --with-bugurl=file:///usr/share/doc/gcc-4.8/README.Bugs --enable-languages=c,c++,java,go,d,fortran,objc,obj-c++ --prefix=/usr --program-suffix=-4.8 --enable-shared --enable-linker-build-id --libexecdir=/usr/lib --without-included-gettext --enable-threads=posix --with-gxx-include-dir=/usr/include/c++/4.8 --libdir=/usr/lib --enable-nls --with-sysroot=/ --enable-clocale=gnu --enable-libstdcxx-debug --enable-libstdcxx-time=yes --enable-gnu-unique-object --disable-libmudflap --enable-plugin --with-system-zlib --disable-browser-plugin --enable-java-awt=gtk --enable-gtk-cairo --with-java-home=/usr/lib/jvm/java-1.5.0-gcj-4.8-amd64/jre --enable-java-home --with-jvm-root-dir=/usr/lib/jvm/java-1.5.0-gcj-4.8-amd64 --with-jvm-jar-dir=/usr/lib/jvm-exports/java-1.5.0-gcj-4.8-amd64 --with-arch-directory=amd64 --with-ecj-jar=/usr/share/java/eclipse-ecj.jar --enable-objc-gc --enable-multiarch --disable-werror --with-arch-32=i686 --with-abi=m64 --with-multilib-list=m32,m64,mx32 --with-tune=generic --enable-checking=release --build=x86_64-linux-gnu --host=x86_64-linux-gnu --target=x86_64-linux-gnu
Thread model: posix
gcc version 4.8.4 (Ubuntu 4.8.4-2ubuntu1~14.04.1) 
COMPILER_PATH=/usr/lib/gcc/x86_64-linux-gnu/4.8/:/usr/lib/gcc/x86_64-linux-gnu/4.8/:/usr/lib/gcc/x86_64-linux-gnu/:/usr/lib/gcc/x86_64-linux-gnu/4.8/:/usr/lib/gcc/x86_64-linux-gnu/
LIBRARY_PATH=/usr/lib/gcc/x86_64-linux-gnu/4.8/:/usr/lib/gcc/x86_64-linux-gnu/4.8/../../../x86_64-linux-gnu/:/usr/lib/gcc/x86_64-linux-gnu/4.8/../../../../lib/:/lib/x86_64-linux-gnu/:/lib/../lib/:/usr/lib/x86_64-linux-gnu/:/usr/lib/../lib/:/usr/lib/gcc/x86_64-linux-gnu/4.8/../../../:/lib/:/usr/lib/
COLLECT_GCC_OPTIONS='-g' '-O2' '-fstack-protector' '--param' 'ssp-buffer-size=4' '-Wformat=1' '-Werror=format-security' '-D' '_FORTIFY_SOURCE=2' '-v' '-o' 'cmTryCompileExec2523607490' '-rdynamic' '-mtune=generic' '-march=x86-64'
 /usr/lib/gcc/x86_64-linux-gnu/4.8/collect2 --sysroot=/ --build-id --eh-frame-hdr -m elf_x86_64 --hash-style=gnu --as-needed -export-dynamic -dynamic-linker /lib64/ld-linux-x86-64.so.2 -z relro -o cmTryCompileExec2523607490 /usr/lib/gcc/x86_64-linux-gnu/4.8/../../../x86_64-linux-gnu/crt1.o /usr/lib/gcc/x86_64-linux-gnu/4.8/../../../x86_64-linux-gnu/crti.o /usr/lib/gcc/x86_64-linux-gnu/4.8/crtbegin.o -L/usr/lib/gcc/x86_64-linux-gnu/4.8 -L/usr/lib/gcc/x86_64-linux-gnu/4.8/../../../x86_64-linux-gnu -L/usr/lib/gcc/x86_64-linux-gnu/4.8/../../../../lib -L/lib/x86_64-linux-gnu -L/lib/../lib -L/usr/lib/x86_64-linux-gnu -L/usr/lib/../lib -L/usr/lib/gcc/x86_64-linux-gnu/4.8/../../.. CMakeFiles/cmTryCompileExec2523607490.dir/CMakeCCompilerABI.c.o -lgcc --as-needed -lgcc_s --no-as-needed -lc -lgcc --as-needed -lgcc_s --no-as-needed /usr/lib/gcc/x86_64-linux-gnu/4.8/crtend.o /usr/lib/gcc/x86_64-linux-gnu/4.8/../../../x86_64-linux-gnu/crtn.o
make[3]: Leaving directory `/home/pippo/Libraries/coco/ros_launcher/src/coco_ros_launcher/obj-x86_64-linux-gnu/CMakeFiles/CMakeTmp'
make[2]: Leaving directory `/home/pippo/Libraries/coco/ros_launcher/src/coco_ros_launcher/obj-x86_64-linux-gnu/CMakeFiles/CMakeTmp'


Parsed C implicit link information from above output:
  link line regex: [^( *|.*[/\])(ld|([^/\]+-)?ld|collect2)[^/\]*( |$)]
  ignore line: [Change Dir: /home/pippo/Libraries/coco/ros_launcher/src/coco_ros_launcher/obj-x86_64-linux-gnu/CMakeFiles/CMakeTmp]
  ignore line: []
  ignore line: [Run Build Command:"/usr/bin/make" "cmTryCompileExec2523607490/fast"]
  ignore line: [make[2]: Entering directory `/home/pippo/Libraries/coco/ros_launcher/src/coco_ros_launcher/obj-x86_64-linux-gnu/CMakeFiles/CMakeTmp']
  ignore line: [/usr/bin/make -f CMakeFiles/cmTryCompileExec2523607490.dir/build.make CMakeFiles/cmTryCompileExec2523607490.dir/build]
  ignore line: [make[3]: Entering directory `/home/pippo/Libraries/coco/ros_launcher/src/coco_ros_launcher/obj-x86_64-linux-gnu/CMakeFiles/CMakeTmp']
  ignore line: [/usr/bin/cmake -E cmake_progress_report /home/pippo/Libraries/coco/ros_launcher/src/coco_ros_launcher/obj-x86_64-linux-gnu/CMakeFiles/CMakeTmp/CMakeFiles 1]
  ignore line: [Building C object CMakeFiles/cmTryCompileExec2523607490.dir/CMakeCCompilerABI.c.o]
  ignore line: [/usr/bin/cc   -g -O2 -fstack-protector --param=ssp-buffer-size=4 -Wformat -Werror=format-security -D_FORTIFY_SOURCE=2     -o CMakeFiles/cmTryCompileExec2523607490.dir/CMakeCCompilerABI.c.o   -c /usr/share/cmake-3.2/Modules/CMakeCCompilerABI.c]
  ignore line: [Linking C executable cmTryCompileExec2523607490]
  ignore line: [/usr/bin/cmake -E cmake_link_script CMakeFiles/cmTryCompileExec2523607490.dir/link.txt --verbose=1]
  ignore line: [/usr/bin/cc  -g -O2 -fstack-protector --param=ssp-buffer-size=4 -Wformat -Werror=format-security -D_FORTIFY_SOURCE=2     -v CMakeFiles/cmTryCompileExec2523607490.dir/CMakeCCompilerABI.c.o  -o cmTryCompileExec2523607490 -rdynamic  ]
  ignore line: [Using built-in specs.]
  ignore line: [COLLECT_GCC=/usr/bin/cc]
  ignore line: [COLLECT_LTO_WRAPPER=/usr/lib/gcc/x86_64-linux-gnu/4.8/lto-wrapper]
  ignore line: [Target: x86_64-linux-gnu]
  ignore line: [Configured with: ../src/configure -v --with-pkgversion='Ubuntu 4.8.4-2ubuntu1~14.04.1' --with-bugurl=file:///usr/share/doc/gcc-4.8/README.Bugs --enable-languages=c,c++,java,go,d,fortran,objc,obj-c++ --prefix=/usr --program-suffix=-4.8 --enable-shared --enable-linker-build-id --libexecdir=/usr/lib --without-included-gettext --enable-threads=posix --with-gxx-include-dir=/usr/include/c++/4.8 --libdir=/usr/lib --enable-nls --with-sysroot=/ --enable-clocale=gnu --enable-libstdcxx-debug --enable-libstdcxx-time=yes --enable-gnu-unique-object --disable-libmudflap --enable-plugin --with-system-zlib --disable-browser-plugin --enable-java-awt=gtk --enable-gtk-cairo --with-java-home=/usr/lib/jvm/java-1.5.0-gcj-4.8-amd64/jre --enable-java-home --with-jvm-root-dir=/usr/lib/jvm/java-1.5.0-gcj-4.8-amd64 --with-jvm-jar-dir=/usr/lib/jvm-exports/java-1.5.0-gcj-4.8-amd64 --with-arch-directory=amd64 --with-ecj-jar=/usr/share/java/eclipse-ecj.jar --enable-objc-gc --enable-multiarch --disable-werror --with-arch-32=i686 --with-abi=m64 --with-multilib-list=m32,m64,mx32 --with-tune=generic --enable-checking=release --build=x86_64-linux-gnu --host=x86_64-linux-gnu --target=x86_64-linux-gnu]
  ignore line: [Thread model: posix]
  ignore line: [gcc version 4.8.4 (Ubuntu 4.8.4-2ubuntu1~14.04.1) ]
  ignore line: [COMPILER_PATH=/usr/lib/gcc/x86_64-linux-gnu/4.8/:/usr/lib/gcc/x86_64-linux-gnu/4.8/:/usr/lib/gcc/x86_64-linux-gnu/:/usr/lib/gcc/x86_64-linux-gnu/4.8/:/usr/lib/gcc/x86_64-linux-gnu/]
  ignore line: [LIBRARY_PATH=/usr/lib/gcc/x86_64-linux-gnu/4.8/:/usr/lib/gcc/x86_64-linux-gnu/4.8/../../../x86_64-linux-gnu/:/usr/lib/gcc/x86_64-linux-gnu/4.8/../../../../lib/:/lib/x86_64-linux-gnu/:/lib/../lib/:/usr/lib/x86_64-linux-gnu/:/usr/lib/../lib/:/usr/lib/gcc/x86_64-linux-gnu/4.8/../../../:/lib/:/usr/lib/]
  ignore line: [COLLECT_GCC_OPTIONS='-g' '-O2' '-fstack-protector' '--param' 'ssp-buffer-size=4' '-Wformat=1' '-Werror=format-security' '-D' '_FORTIFY_SOURCE=2' '-v' '-o' 'cmTryCompileExec2523607490' '-rdynamic' '-mtune=generic' '-march=x86-64']
  link line: [ /usr/lib/gcc/x86_64-linux-gnu/4.8/collect2 --sysroot=/ --build-id --eh-frame-hdr -m elf_x86_64 --hash-style=gnu --as-needed -export-dynamic -dynamic-linker /lib64/ld-linux-x86-64.so.2 -z relro -o cmTryCompileExec2523607490 /usr/lib/gcc/x86_64-linux-gnu/4.8/../../../x86_64-linux-gnu/crt1.o /usr/lib/gcc/x86_64-linux-gnu/4.8/../../../x86_64-linux-gnu/crti.o /usr/lib/gcc/x86_64-linux-gnu/4.8/crtbegin.o -L/usr/lib/gcc/x86_64-linux-gnu/4.8 -L/usr/lib/gcc/x86_64-linux-gnu/4.8/../../../x86_64-linux-gnu -L/usr/lib/gcc/x86_64-linux-gnu/4.8/../../../../lib -L/lib/x86_64-linux-gnu -L/lib/../lib -L/usr/lib/x86_64-linux-gnu -L/usr/lib/../lib -L/usr/lib/gcc/x86_64-linux-gnu/4.8/../../.. CMakeFiles/cmTryCompileExec2523607490.dir/CMakeCCompilerABI.c.o -lgcc --as-needed -lgcc_s --no-as-needed -lc -lgcc --as-needed -lgcc_s --no-as-needed /usr/lib/gcc/x86_64-linux-gnu/4.8/crtend.o /usr/lib/gcc/x86_64-linux-gnu/4.8/../../../x86_64-linux-gnu/crtn.o]
    arg [/usr/lib/gcc/x86_64-linux-gnu/4.8/collect2] ==> ignore
    arg [--sysroot=/] ==> ignore
    arg [--build-id] ==> ignore
    arg [--eh-frame-hdr] ==> ignore
    arg [-m] ==> ignore
    arg [elf_x86_64] ==> ignore
    arg [--hash-style=gnu] ==> ignore
    arg [--as-needed] ==> ignore
    arg [-export-dynamic] ==> ignore
    arg [-dynamic-linker] ==> ignore
    arg [/lib64/ld-linux-x86-64.so.2] ==> ignore
    arg [-zrelro] ==> ignore
    arg [-o] ==> ignore
    arg [cmTryCompileExec2523607490] ==> ignore
    arg [/usr/lib/gcc/x86_64-linux-gnu/4.8/../../../x86_64-linux-gnu/crt1.o] ==> ignore
    arg [/usr/lib/gcc/x86_64-linux-gnu/4.8/../../../x86_64-linux-gnu/crti.o] ==> ignore
    arg [/usr/lib/gcc/x86_64-linux-gnu/4.8/crtbegin.o] ==> ignore
    arg [-L/usr/lib/gcc/x86_64-linux-gnu/4.8] ==> dir [/usr/lib/gcc/x86_64-linux-gnu/4.8]
    arg [-L/usr/lib/gcc/x86_64-linux-gnu/4.8/../../../x86_64-linux-gnu] ==> dir [/usr/lib/gcc/x86_64-linux-gnu/4.8/../../../x86_64-linux-gnu]
    arg [-L/usr/lib/gcc/x86_64-linux-gnu/4.8/../../../../lib] ==> dir [/usr/lib/gcc/x86_64-linux-gnu/4.8/../../../../lib]
    arg [-L/lib/x86_64-linux-gnu] ==> dir [/lib/x86_64-linux-gnu]
    arg [-L/lib/../lib] ==> dir [/lib/../lib]
    arg [-L/usr/lib/x86_64-linux-gnu] ==> dir [/usr/lib/x86_64-linux-gnu]
    arg [-L/usr/lib/../lib] ==> dir [/usr/lib/../lib]
    arg [-L/usr/lib/gcc/x86_64-linux-gnu/4.8/../../..] ==> dir [/usr/lib/gcc/x86_64-linux-gnu/4.8/../../..]
    arg [CMakeFiles/cmTryCompileExec2523607490.dir/CMakeCCompilerABI.c.o] ==> ignore
    arg [-lgcc] ==> lib [gcc]
    arg [--as-needed] ==> ignore
    arg [-lgcc_s] ==> lib [gcc_s]
    arg [--no-as-needed] ==> ignore
    arg [-lc] ==> lib [c]
    arg [-lgcc] ==> lib [gcc]
    arg [--as-needed] ==> ignore
    arg [-lgcc_s] ==> lib [gcc_s]
    arg [--no-as-needed] ==> ignore
    arg [/usr/lib/gcc/x86_64-linux-gnu/4.8/crtend.o] ==> ignore
    arg [/usr/lib/gcc/x86_64-linux-gnu/4.8/../../../x86_64-linux-gnu/crtn.o] ==> ignore
  remove lib [gcc]
  remove lib [gcc_s]
  remove lib [gcc]
  remove lib [gcc_s]
  collapse library dir [/usr/lib/gcc/x86_64-linux-gnu/4.8] ==> [/usr/lib/gcc/x86_64-linux-gnu/4.8]
  collapse library dir [/usr/lib/gcc/x86_64-linux-gnu/4.8/../../../x86_64-linux-gnu] ==> [/usr/lib/x86_64-linux-gnu]
  collapse library dir [/usr/lib/gcc/x86_64-linux-gnu/4.8/../../../../lib] ==> [/usr/lib]
  collapse library dir [/lib/x86_64-linux-gnu] ==> [/lib/x86_64-linux-gnu]
  collapse library dir [/lib/../lib] ==> [/lib]
  collapse library dir [/usr/lib/x86_64-linux-gnu] ==> [/usr/lib/x86_64-linux-gnu]
  collapse library dir [/usr/lib/../lib] ==> [/usr/lib]
  collapse library dir [/usr/lib/gcc/x86_64-linux-gnu/4.8/../../..] ==> [/usr/lib]
  implicit libs: [c]
  implicit dirs: [/usr/lib/gcc/x86_64-linux-gnu/4.8;/usr/lib/x86_64-linux-gnu;/usr/lib;/lib/x86_64-linux-gnu;/lib]
  implicit fwks: []




Detecting C [-std=c11] compiler features compiled with the following output:
Change Dir: /home/pippo/Libraries/coco/ros_launcher/src/coco_ros_launcher/obj-x86_64-linux-gnu/CMakeFiles/CMakeTmp

Run Build Command:"/usr/bin/make" "cmTryCompileExec1867080956/fast"
make[2]: Entering directory `/home/pippo/Libraries/coco/ros_launcher/src/coco_ros_launcher/obj-x86_64-linux-gnu/CMakeFiles/CMakeTmp'
/usr/bin/make -f CMakeFiles/cmTryCompileExec1867080956.dir/build.make CMakeFiles/cmTryCompileExec1867080956.dir/build
make[3]: Entering directory `/home/pippo/Libraries/coco/ros_launcher/src/coco_ros_launcher/obj-x86_64-linux-gnu/CMakeFiles/CMakeTmp'
/usr/bin/cmake -E cmake_progress_report /home/pippo/Libraries/coco/ros_launcher/src/coco_ros_launcher/obj-x86_64-linux-gnu/CMakeFiles/CMakeTmp/CMakeFiles 1
Building C object CMakeFiles/cmTryCompileExec1867080956.dir/feature_tests.c.o
/usr/bin/cc   -g -O2 -fstack-protector --param=ssp-buffer-size=4 -Wformat -Werror=format-security -D_FORTIFY_SOURCE=2     -std=c11 -o CMakeFiles/cmTryCompileExec1867080956.dir/feature_tests.c.o   -c /home/pippo/Libraries/coco/ros_launcher/src/coco_ros_launcher/obj-x86_64-linux-gnu/CMakeFiles/feature_tests.c
Linking C executable cmTryCompileExec1867080956
/usr/bin/cmake -E cmake_link_script CMakeFiles/cmTryCompileExec1867080956.dir/link.txt --verbose=1
/usr/bin/cc  -g -O2 -fstack-protector --param=ssp-buffer-size=4 -Wformat -Werror=format-security -D_FORTIFY_SOURCE=2      CMakeFiles/cmTryCompileExec1867080956.dir/feature_tests.c.o  -o cmTryCompileExec1867080956 -rdynamic 
make[3]: Leaving directory `/home/pippo/Libraries/coco/ros_launcher/src/coco_ros_launcher/obj-x86_64-linux-gnu/CMakeFiles/CMakeTmp'
make[2]: Leaving directory `/home/pippo/Libraries/coco/ros_launcher/src/coco_ros_launcher/obj-x86_64-linux-gnu/CMakeFiles/CMakeTmp'


    Feature record: C_FEATURE:1c_function_prototypes
    Feature record: C_FEATURE:1c_restrict
    Feature record: C_FEATURE:1c_static_assert
    Feature record: C_FEATURE:1c_variadic_macros


Detecting C [-std=c99] compiler features compiled with the following output:
Change Dir: /home/pippo/Libraries/coco/ros_launcher/src/coco_ros_launcher/obj-x86_64-linux-gnu/CMakeFiles/CMakeTmp

Run Build Command:"/usr/bin/make" "cmTryCompileExec382904387/fast"
make[2]: Entering directory `/home/pippo/Libraries/coco/ros_launcher/src/coco_ros_launcher/obj-x86_64-linux-gnu/CMakeFiles/CMakeTmp'
/usr/bin/make -f CMakeFiles/cmTryCompileExec382904387.dir/build.make CMakeFiles/cmTryCompileExec382904387.dir/build
make[3]: Entering directory `/home/pippo/Libraries/coco/ros_launcher/src/coco_ros_launcher/obj-x86_64-linux-gnu/CMakeFiles/CMakeTmp'
/usr/bin/cmake -E cmake_progress_report /home/pippo/Libraries/coco/ros_launcher/src/coco_ros_launcher/obj-x86_64-linux-gnu/CMakeFiles/CMakeTmp/CMakeFiles 1
Building C object CMakeFiles/cmTryCompileExec382904387.dir/feature_tests.c.o
/usr/bin/cc   -g -O2 -fstack-protector --param=ssp-buffer-size=4 -Wformat -Werror=format-security -D_FORTIFY_SOURCE=2     -std=c99 -o CMakeFiles/cmTryCompileExec382904387.dir/feature_tests.c.o   -c /home/pippo/Libraries/coco/ros_launcher/src/coco_ros_launcher/obj-x86_64-linux-gnu/CMakeFiles/feature_tests.c
Linking C executable cmTryCompileExec382904387
/usr/bin/cmake -E cmake_link_script CMakeFiles/cmTryCompileExec382904387.dir/link.txt --verbose=1
/usr/bin/cc  -g -O2 -fstack-protector --param=ssp-buffer-size=4 -Wformat -Werror=format-security -D_FORTIFY_SOURCE=2      CMakeFiles/cmTryCompileExec382904387.dir/feature_tests.c.o  -o cmTryCompileExec382904387 -rdynamic 
make[3]: Leaving directory `/home/pippo/Libraries/coco/ros_launcher/src/coco_ros_launcher/obj-x86_64-linux-gnu/CMakeFiles/CMakeTmp'
make[2]: Leaving directory `/home/pippo/Libraries/coco/ros_launcher/src/coco_ros_launcher/obj-x86_64-linux-gnu/CMakeFiles/CMakeTmp'


    Feature record: C_FEATURE:1c_function_prototypes
    Feature record: C_FEATURE:1c_restrict
    Feature record: C_FEATURE:0c_static_assert
    Feature record: C_FEATURE:1c_variadic_macros


Detecting C [-std=c90] compiler features compiled with the following output:
Change Dir: /home/pippo/Libraries/coco/ros_launcher/src/coco_ros_launcher/obj-x86_64-linux-gnu/CMakeFiles/CMakeTmp

Run Build Command:"/usr/bin/make" "cmTryCompileExec3850965377/fast"
make[2]: Entering directory `/home/pippo/Libraries/coco/ros_launcher/src/coco_ros_launcher/obj-x86_64-linux-gnu/CMakeFiles/CMakeTmp'
/usr/bin/make -f CMakeFiles/cmTryCompileExec3850965377.dir/build.make CMakeFiles/cmTryCompileExec3850965377.dir/build
make[3]: Entering directory `/home/pippo/Libraries/coco/ros_launcher/src/coco_ros_launcher/obj-x86_64-linux-gnu/CMakeFiles/CMakeTmp'
/usr/bin/cmake -E cmake_progress_report /home/pippo/Libraries/coco/ros_launcher/src/coco_ros_launcher/obj-x86_64-linux-gnu/CMakeFiles/CMakeTmp/CMakeFiles 1
Building C object CMakeFiles/cmTryCompileExec3850965377.dir/feature_tests.c.o
/usr/bin/cc   -g -O2 -fstack-protector --param=ssp-buffer-size=4 -Wformat -Werror=format-security -D_FORTIFY_SOURCE=2     -std=c90 -o CMakeFiles/cmTryCompileExec3850965377.dir/feature_tests.c.o   -c /home/pippo/Libraries/coco/ros_launcher/src/coco_ros_launcher/obj-x86_64-linux-gnu/CMakeFiles/feature_tests.c
Linking C executable cmTryCompileExec3850965377
/usr/bin/cmake -E cmake_link_script CMakeFiles/cmTryCompileExec3850965377.dir/link.txt --verbose=1
/usr/bin/cc  -g -O2 -fstack-protector --param=ssp-buffer-size=4 -Wformat -Werror=format-security -D_FORTIFY_SOURCE=2      CMakeFiles/cmTryCompileExec3850965377.dir/feature_tests.c.o  -o cmTryCompileExec3850965377 -rdynamic 
make[3]: Leaving directory `/home/pippo/Libraries/coco/ros_launcher/src/coco_ros_launcher/obj-x86_64-linux-gnu/CMakeFiles/CMakeTmp'
make[2]: Leaving directory `/home/pippo/Libraries/coco/ros_launcher/src/coco_ros_launcher/obj-x86_64-linux-gnu/CMakeFiles/CMakeTmp'


    Feature record: C_FEATURE:1c_function_prototypes
    Feature record: C_FEATURE:0c_restrict
    Feature record: C_FEATURE:0c_static_assert
    Feature record: C_FEATURE:0c_variadic_macros
Determining if the CXX compiler works passed with the following output:
Change Dir: /home/pippo/Libraries/coco/ros_launcher/src/coco_ros_launcher/obj-x86_64-linux-gnu/CMakeFiles/CMakeTmp

Run Build Command:"/usr/bin/make" "cmTryCompileExec3438997759/fast"
make[2]: Entering directory `/home/pippo/Libraries/coco/ros_launcher/src/coco_ros_launcher/obj-x86_64-linux-gnu/CMakeFiles/CMakeTmp'
/usr/bin/make -f CMakeFiles/cmTryCompileExec3438997759.dir/build.make CMakeFiles/cmTryCompileExec3438997759.dir/build
make[3]: Entering directory `/home/pippo/Libraries/coco/ros_launcher/src/coco_ros_launcher/obj-x86_64-linux-gnu/CMakeFiles/CMakeTmp'
/usr/bin/cmake -E cmake_progress_report /home/pippo/Libraries/coco/ros_launcher/src/coco_ros_launcher/obj-x86_64-linux-gnu/CMakeFiles/CMakeTmp/CMakeFiles 1
Building CXX object CMakeFiles/cmTryCompileExec3438997759.dir/testCXXCompiler.cxx.o
/usr/bin/c++    -g -O2 -fstack-protector --param=ssp-buffer-size=4 -Wformat -Werror=format-security -DNDEBUG -D_FORTIFY_SOURCE=2     -o CMakeFiles/cmTryCompileExec3438997759.dir/testCXXCompiler.cxx.o -c /home/pippo/Libraries/coco/ros_launcher/src/coco_ros_launcher/obj-x86_64-linux-gnu/CMakeFiles/CMakeTmp/testCXXCompiler.cxx
Linking CXX executable cmTryCompileExec3438997759
/usr/bin/cmake -E cmake_link_script CMakeFiles/cmTryCompileExec3438997759.dir/link.txt --verbose=1
/usr/bin/c++   -g -O2 -fstack-protector --param=ssp-buffer-size=4 -Wformat -Werror=format-security -DNDEBUG -D_FORTIFY_SOURCE=2      CMakeFiles/cmTryCompileExec3438997759.dir/testCXXCompiler.cxx.o  -o cmTryCompileExec3438997759 -rdynamic 
make[3]: Leaving directory `/home/pippo/Libraries/coco/ros_launcher/src/coco_ros_launcher/obj-x86_64-linux-gnu/CMakeFiles/CMakeTmp'
make[2]: Leaving directory `/home/pippo/Libraries/coco/ros_launcher/src/coco_ros_launcher/obj-x86_64-linux-gnu/CMakeFiles/CMakeTmp'


Detecting CXX compiler ABI info compiled with the following output:
Change Dir: /home/pippo/Libraries/coco/ros_launcher/src/coco_ros_launcher/obj-x86_64-linux-gnu/CMakeFiles/CMakeTmp

Run Build Command:"/usr/bin/make" "cmTryCompileExec642691747/fast"
make[2]: Entering directory `/home/pippo/Libraries/coco/ros_launcher/src/coco_ros_launcher/obj-x86_64-linux-gnu/CMakeFiles/CMakeTmp'
/usr/bin/make -f CMakeFiles/cmTryCompileExec642691747.dir/build.make CMakeFiles/cmTryCompileExec642691747.dir/build
make[3]: Entering directory `/home/pippo/Libraries/coco/ros_launcher/src/coco_ros_launcher/obj-x86_64-linux-gnu/CMakeFiles/CMakeTmp'
/usr/bin/cmake -E cmake_progress_report /home/pippo/Libraries/coco/ros_launcher/src/coco_ros_launcher/obj-x86_64-linux-gnu/CMakeFiles/CMakeTmp/CMakeFiles 1
Building CXX object CMakeFiles/cmTryCompileExec642691747.dir/CMakeCXXCompilerABI.cpp.o
/usr/bin/c++    -g -O2 -fstack-protector --param=ssp-buffer-size=4 -Wformat -Werror=format-security -DNDEBUG -D_FORTIFY_SOURCE=2     -o CMakeFiles/cmTryCompileExec642691747.dir/CMakeCXXCompilerABI.cpp.o -c /usr/share/cmake-3.2/Modules/CMakeCXXCompilerABI.cpp
Linking CXX executable cmTryCompileExec642691747
/usr/bin/cmake -E cmake_link_script CMakeFiles/cmTryCompileExec642691747.dir/link.txt --verbose=1
/usr/bin/c++   -g -O2 -fstack-protector --param=ssp-buffer-size=4 -Wformat -Werror=format-security -DNDEBUG -D_FORTIFY_SOURCE=2     -v CMakeFiles/cmTryCompileExec642691747.dir/CMakeCXXCompilerABI.cpp.o  -o cmTryCompileExec642691747 -rdynamic  
Using built-in specs.
COLLECT_GCC=/usr/bin/c++
COLLECT_LTO_WRAPPER=/usr/lib/gcc/x86_64-linux-gnu/4.8/lto-wrapper
Target: x86_64-linux-gnu
Configured with: ../src/configure -v --with-pkgversion='Ubuntu 4.8.4-2ubuntu1~14.04.1' --with-bugurl=file:///usr/share/doc/gcc-4.8/README.Bugs --enable-languages=c,c++,java,go,d,fortran,objc,obj-c++ --prefix=/usr --program-suffix=-4.8 --enable-shared --enable-linker-build-id --libexecdir=/usr/lib --without-included-gettext --enable-threads=posix --with-gxx-include-dir=/usr/include/c++/4.8 --libdir=/usr/lib --enable-nls --with-sysroot=/ --enable-clocale=gnu --enable-libstdcxx-debug --enable-libstdcxx-time=yes --enable-gnu-unique-object --disable-libmudflap --enable-plugin --with-system-zlib --disable-browser-plugin --enable-java-awt=gtk --enable-gtk-cairo --with-java-home=/usr/lib/jvm/java-1.5.0-gcj-4.8-amd64/jre --enable-java-home --with-jvm-root-dir=/usr/lib/jvm/java-1.5.0-gcj-4.8-amd64 --with-jvm-jar-dir=/usr/lib/jvm-exports/java-1.5.0-gcj-4.8-amd64 --with-arch-directory=amd64 --with-ecj-jar=/usr/share/java/eclipse-ecj.jar --enable-objc-gc --enable-multiarch --disable-werror --with-arch-32=i686 --with-abi=m64 --with-multilib-list=m32,m64,mx32 --with-tune=generic --enable-checking=release --build=x86_64-linux-gnu --host=x86_64-linux-gnu --target=x86_64-linux-gnu
Thread model: posix
gcc version 4.8.4 (Ubuntu 4.8.4-2ubuntu1~14.04.1) 
COMPILER_PATH=/usr/lib/gcc/x86_64-linux-gnu/4.8/:/usr/lib/gcc/x86_64-linux-gnu/4.8/:/usr/lib/gcc/x86_64-linux-gnu/:/usr/lib/gcc/x86_64-linux-gnu/4.8/:/usr/lib/gcc/x86_64-linux-gnu/
LIBRARY_PATH=/usr/lib/gcc/x86_64-linux-gnu/4.8/:/usr/lib/gcc/x86_64-linux-gnu/4.8/../../../x86_64-linux-gnu/:/usr/lib/gcc/x86_64-linux-gnu/4.8/../../../../lib/:/lib/x86_64-linux-gnu/:/lib/../lib/:/usr/lib/x86_64-linux-gnu/:/usr/lib/../lib/:/usr/lib/gcc/x86_64-linux-gnu/4.8/../../../:/lib/:/usr/lib/
COLLECT_GCC_OPTIONS='-g' '-O2' '-fstack-protector' '--param' 'ssp-buffer-size=4' '-Wformat=1' '-Werror=format-security' '-D' 'NDEBUG' '-D' '_FORTIFY_SOURCE=2' '-v' '-o' 'cmTryCompileExec642691747' '-rdynamic' '-shared-libgcc' '-mtune=generic' '-march=x86-64'
 /usr/lib/gcc/x86_64-linux-gnu/4.8/collect2 --sysroot=/ --build-id --eh-frame-hdr -m elf_x86_64 --hash-style=gnu --as-needed -export-dynamic -dynamic-linker /lib64/ld-linux-x86-64.so.2 -z relro -o cmTryCompileExec642691747 /usr/lib/gcc/x86_64-linux-gnu/4.8/../../../x86_64-linux-gnu/crt1.o /usr/lib/gcc/x86_64-linux-gnu/4.8/../../../x86_64-linux-gnu/crti.o /usr/lib/gcc/x86_64-linux-gnu/4.8/crtbegin.o -L/usr/lib/gcc/x86_64-linux-gnu/4.8 -L/usr/lib/gcc/x86_64-linux-gnu/4.8/../../../x86_64-linux-gnu -L/usr/lib/gcc/x86_64-linux-gnu/4.8/../../../../lib -L/lib/x86_64-linux-gnu -L/lib/../lib -L/usr/lib/x86_64-linux-gnu -L/usr/lib/../lib -L/usr/lib/gcc/x86_64-linux-gnu/4.8/../../.. CMakeFiles/cmTryCompileExec642691747.dir/CMakeCXXCompilerABI.cpp.o -lstdc++ -lm -lgcc_s -lgcc -lc -lgcc_s -lgcc /usr/lib/gcc/x86_64-linux-gnu/4.8/crtend.o /usr/lib/gcc/x86_64-linux-gnu/4.8/../../../x86_64-linux-gnu/crtn.o
make[3]: Leaving directory `/home/pippo/Libraries/coco/ros_launcher/src/coco_ros_launcher/obj-x86_64-linux-gnu/CMakeFiles/CMakeTmp'
make[2]: Leaving directory `/home/pippo/Libraries/coco/ros_launcher/src/coco_ros_launcher/obj-x86_64-linux-gnu/CMakeFiles/CMakeTmp'


Parsed CXX implicit link information from above output:
  link line regex: [^( *|.*[/\])(ld|([^/\]+-)?ld|collect2)[^/\]*( |$)]
  ignore line: [Change Dir: /home/pippo/Libraries/coco/ros_launcher/src/coco_ros_launcher/obj-x86_64-linux-gnu/CMakeFiles/CMakeTmp]
  ignore line: []
  ignore line: [Run Build Command:"/usr/bin/make" "cmTryCompileExec642691747/fast"]
  ignore line: [make[2]: Entering directory `/home/pippo/Libraries/coco/ros_launcher/src/coco_ros_launcher/obj-x86_64-linux-gnu/CMakeFiles/CMakeTmp']
  ignore line: [/usr/bin/make -f CMakeFiles/cmTryCompileExec642691747.dir/build.make CMakeFiles/cmTryCompileExec642691747.dir/build]
  ignore line: [make[3]: Entering directory `/home/pippo/Libraries/coco/ros_launcher/src/coco_ros_launcher/obj-x86_64-linux-gnu/CMakeFiles/CMakeTmp']
  ignore line: [/usr/bin/cmake -E cmake_progress_report /home/pippo/Libraries/coco/ros_launcher/src/coco_ros_launcher/obj-x86_64-linux-gnu/CMakeFiles/CMakeTmp/CMakeFiles 1]
  ignore line: [Building CXX object CMakeFiles/cmTryCompileExec642691747.dir/CMakeCXXCompilerABI.cpp.o]
  ignore line: [/usr/bin/c++    -g -O2 -fstack-protector --param=ssp-buffer-size=4 -Wformat -Werror=format-security -DNDEBUG -D_FORTIFY_SOURCE=2     -o CMakeFiles/cmTryCompileExec642691747.dir/CMakeCXXCompilerABI.cpp.o -c /usr/share/cmake-3.2/Modules/CMakeCXXCompilerABI.cpp]
  ignore line: [Linking CXX executable cmTryCompileExec642691747]
  ignore line: [/usr/bin/cmake -E cmake_link_script CMakeFiles/cmTryCompileExec642691747.dir/link.txt --verbose=1]
  ignore line: [/usr/bin/c++   -g -O2 -fstack-protector --param=ssp-buffer-size=4 -Wformat -Werror=format-security -DNDEBUG -D_FORTIFY_SOURCE=2     -v CMakeFiles/cmTryCompileExec642691747.dir/CMakeCXXCompilerABI.cpp.o  -o cmTryCompileExec642691747 -rdynamic  ]
  ignore line: [Using built-in specs.]
  ignore line: [COLLECT_GCC=/usr/bin/c++]
  ignore line: [COLLECT_LTO_WRAPPER=/usr/lib/gcc/x86_64-linux-gnu/4.8/lto-wrapper]
  ignore line: [Target: x86_64-linux-gnu]
  ignore line: [Configured with: ../src/configure -v --with-pkgversion='Ubuntu 4.8.4-2ubuntu1~14.04.1' --with-bugurl=file:///usr/share/doc/gcc-4.8/README.Bugs --enable-languages=c,c++,java,go,d,fortran,objc,obj-c++ --prefix=/usr --program-suffix=-4.8 --enable-shared --enable-linker-build-id --libexecdir=/usr/lib --without-included-gettext --enable-threads=posix --with-gxx-include-dir=/usr/include/c++/4.8 --libdir=/usr/lib --enable-nls --with-sysroot=/ --enable-clocale=gnu --enable-libstdcxx-debug --enable-libstdcxx-time=yes --enable-gnu-unique-object --disable-libmudflap --enable-plugin --with-system-zlib --disable-browser-plugin --enable-java-awt=gtk --enable-gtk-cairo --with-java-home=/usr/lib/jvm/java-1.5.0-gcj-4.8-amd64/jre --enable-java-home --with-jvm-root-dir=/usr/lib/jvm/java-1.5.0-gcj-4.8-amd64 --with-jvm-jar-dir=/usr/lib/jvm-exports/java-1.5.0-gcj-4.8-amd64 --with-arch-directory=amd64 --with-ecj-jar=/usr/share/java/eclipse-ecj.jar --enable-objc-gc --enable-multiarch --disable-werror --with-arch-32=i686 --with-abi=m64 --with-multilib-list=m32,m64,mx32 --with-tune=generic --enable-checking=release --build=x86_64-linux-gnu --host=x86_64-linux-gnu --target=x86_64-linux-gnu]
  ignore line: [Thread model: posix]
  ignore line: [gcc version 4.8.4 (Ubuntu 4.8.4-2ubuntu1~14.04.1) ]
  ignore line: [COMPILER_PATH=/usr/lib/gcc/x86_64-linux-gnu/4.8/:/usr/lib/gcc/x86_64-linux-gnu/4.8/:/usr/lib/gcc/x86_64-linux-gnu/:/usr/lib/gcc/x86_64-linux-gnu/4.8/:/usr/lib/gcc/x86_64-linux-gnu/]
  ignore line: [LIBRARY_PATH=/usr/lib/gcc/x86_64-linux-gnu/4.8/:/usr/lib/gcc/x86_64-linux-gnu/4.8/../../../x86_64-linux-gnu/:/usr/lib/gcc/x86_64-linux-gnu/4.8/../../../../lib/:/lib/x86_64-linux-gnu/:/lib/../lib/:/usr/lib/x86_64-linux-gnu/:/usr/lib/../lib/:/usr/lib/gcc/x86_64-linux-gnu/4.8/../../../:/lib/:/usr/lib/]
  ignore line: [COLLECT_GCC_OPTIONS='-g' '-O2' '-fstack-protector' '--param' 'ssp-buffer-size=4' '-Wformat=1' '-Werror=format-security' '-D' 'NDEBUG' '-D' '_FORTIFY_SOURCE=2' '-v' '-o' 'cmTryCompileExec642691747' '-rdynamic' '-shared-libgcc' '-mtune=generic' '-march=x86-64']
  link line: [ /usr/lib/gcc/x86_64-linux-gnu/4.8/collect2 --sysroot=/ --build-id --eh-frame-hdr -m elf_x86_64 --hash-style=gnu --as-needed -export-dynamic -dynamic-linker /lib64/ld-linux-x86-64.so.2 -z relro -o cmTryCompileExec642691747 /usr/lib/gcc/x86_64-linux-gnu/4.8/../../../x86_64-linux-gnu/crt1.o /usr/lib/gcc/x86_64-linux-gnu/4.8/../../../x86_64-linux-gnu/crti.o /usr/lib/gcc/x86_64-linux-gnu/4.8/crtbegin.o -L/usr/lib/gcc/x86_64-linux-gnu/4.8 -L/usr/lib/gcc/x86_64-linux-gnu/4.8/../../../x86_64-linux-gnu -L/usr/lib/gcc/x86_64-linux-gnu/4.8/../../../../lib -L/lib/x86_64-linux-gnu -L/lib/../lib -L/usr/lib/x86_64-linux-gnu -L/usr/lib/../lib -L/usr/lib/gcc/x86_64-linux-gnu/4.8/../../.. CMakeFiles/cmTryCompileExec642691747.dir/CMakeCXXCompilerABI.cpp.o -lstdc++ -lm -lgcc_s -lgcc -lc -lgcc_s -lgcc /usr/lib/gcc/x86_64-linux-gnu/4.8/crtend.o /usr/lib/gcc/x86_64-linux-gnu/4.8/../../../x86_64-linux-gnu/crtn.o]
    arg [/usr/lib/gcc/x86_64-linux-gnu/4.8/collect2] ==> ignore
    arg [--sysroot=/] ==> ignore
    arg [--build-id] ==> ignore
    arg [--eh-frame-hdr] ==> ignore
    arg [-m] ==> ignore
    arg [elf_x86_64] ==> ignore
    arg [--hash-style=gnu] ==> ignore
    arg [--as-needed] ==> ignore
    arg [-export-dynamic] ==> ignore
    arg [-dynamic-linker] ==> ignore
    arg [/lib64/ld-linux-x86-64.so.2] ==> ignore
    arg [-zrelro] ==> ignore
    arg [-o] ==> ignore
    arg [cmTryCompileExec642691747] ==> ignore
    arg [/usr/lib/gcc/x86_64-linux-gnu/4.8/../../../x86_64-linux-gnu/crt1.o] ==> ignore
    arg [/usr/lib/gcc/x86_64-linux-gnu/4.8/../../../x86_64-linux-gnu/crti.o] ==> ignore
    arg [/usr/lib/gcc/x86_64-linux-gnu/4.8/crtbegin.o] ==> ignore
    arg [-L/usr/lib/gcc/x86_64-linux-gnu/4.8] ==> dir [/usr/lib/gcc/x86_64-linux-gnu/4.8]
    arg [-L/usr/lib/gcc/x86_64-linux-gnu/4.8/../../../x86_64-linux-gnu] ==> dir [/usr/lib/gcc/x86_64-linux-gnu/4.8/../../../x86_64-linux-gnu]
    arg [-L/usr/lib/gcc/x86_64-linux-gnu/4.8/../../../../lib] ==> dir [/usr/lib/gcc/x86_64-linux-gnu/4.8/../../../../lib]
    arg [-L/lib/x86_64-linux-gnu] ==> dir [/lib/x86_64-linux-gnu]
    arg [-L/lib/../lib] ==> dir [/lib/../lib]
    arg [-L/usr/lib/x86_64-linux-gnu] ==> dir [/usr/lib/x86_64-linux-gnu]
    arg [-L/usr/lib/../lib] ==> dir [/usr/lib/../lib]
    arg [-L/usr/lib/gcc/x86_64-linux-gnu/4.8/../../..] ==> dir [/usr/lib/gcc/x86_64-linux-gnu/4.8/../../..]
    arg [CMakeFiles/cmTryCompileExec642691747.dir/CMakeCXXCompilerABI.cpp.o] ==> ignore
    arg [-lstdc++] ==> lib [stdc++]
    arg [-lm] ==> lib [m]
    arg [-lgcc_s] ==> lib [gcc_s]
    arg [-lgcc] ==> lib [gcc]
    arg [-lc] ==> lib [c]
    arg [-lgcc_s] ==> lib [gcc_s]
    arg [-lgcc] ==> lib [gcc]
    arg [/usr/lib/gcc/x86_64-linux-gnu/4.8/crtend.o] ==> ignore
    arg [/usr/lib/gcc/x86_64-linux-gnu/4.8/../../../x86_64-linux-gnu/crtn.o] ==> ignore
  remove lib [gcc_s]
  remove lib [gcc]
  remove lib [gcc_s]
  remove lib [gcc]
  collapse library dir [/usr/lib/gcc/x86_64-linux-gnu/4.8] ==> [/usr/lib/gcc/x86_64-linux-gnu/4.8]
  collapse library dir [/usr/lib/gcc/x86_64-linux-gnu/4.8/../../../x86_64-linux-gnu] ==> [/usr/lib/x86_64-linux-gnu]
  collapse library dir [/usr/lib/gcc/x86_64-linux-gnu/4.8/../../../../lib] ==> [/usr/lib]
  collapse library dir [/lib/x86_64-linux-gnu] ==> [/lib/x86_64-linux-gnu]
  collapse library dir [/lib/../lib] ==> [/lib]
  collapse library dir [/usr/lib/x86_64-linux-gnu] ==> [/usr/lib/x86_64-linux-gnu]
  collapse library dir [/usr/lib/../lib] ==> [/usr/lib]
  collapse library dir [/usr/lib/gcc/x86_64-linux-gnu/4.8/../../..] ==> [/usr/lib]
  implicit libs: [stdc++;m;c]
  implicit dirs: [/usr/lib/gcc/x86_64-linux-gnu/4.8;/usr/lib/x86_64-linux-gnu;/usr/lib;/lib/x86_64-linux-gnu;/lib]
  implicit fwks: []




Detecting CXX [-std=c++1y] compiler features compiled with the following output:
Change Dir: /home/pippo/Libraries/coco/ros_launcher/src/coco_ros_launcher/obj-x86_64-linux-gnu/CMakeFiles/CMakeTmp

Run Build Command:"/usr/bin/make" "cmTryCompileExec1141045130/fast"
make[2]: Entering directory `/home/pippo/Libraries/coco/ros_launcher/src/coco_ros_launcher/obj-x86_64-linux-gnu/CMakeFiles/CMakeTmp'
/usr/bin/make -f CMakeFiles/cmTryCompileExec1141045130.dir/build.make CMakeFiles/cmTryCompileExec1141045130.dir/build
make[3]: Entering directory `/home/pippo/Libraries/coco/ros_launcher/src/coco_ros_launcher/obj-x86_64-linux-gnu/CMakeFiles/CMakeTmp'
/usr/bin/cmake -E cmake_progress_report /home/pippo/Libraries/coco/ros_launcher/src/coco_ros_launcher/obj-x86_64-linux-gnu/CMakeFiles/CMakeTmp/CMakeFiles 1
Building CXX object CMakeFiles/cmTryCompileExec1141045130.dir/feature_tests.cxx.o
/usr/bin/c++    -g -O2 -fstack-protector --param=ssp-buffer-size=4 -Wformat -Werror=format-security -DNDEBUG -D_FORTIFY_SOURCE=2     -std=c++1y -o CMakeFiles/cmTryCompileExec1141045130.dir/feature_tests.cxx.o -c /home/pippo/Libraries/coco/ros_launcher/src/coco_ros_launcher/obj-x86_64-linux-gnu/CMakeFiles/feature_tests.cxx
Linking CXX executable cmTryCompileExec1141045130
/usr/bin/cmake -E cmake_link_script CMakeFiles/cmTryCompileExec1141045130.dir/link.txt --verbose=1
/usr/bin/c++   -g -O2 -fstack-protector --param=ssp-buffer-size=4 -Wformat -Werror=format-security -DNDEBUG -D_FORTIFY_SOURCE=2      CMakeFiles/cmTryCompileExec1141045130.dir/feature_tests.cxx.o  -o cmTryCompileExec1141045130 -rdynamic 
make[3]: Leaving directory `/home/pippo/Libraries/coco/ros_launcher/src/coco_ros_launcher/obj-x86_64-linux-gnu/CMakeFiles/CMakeTmp'
make[2]: Leaving directory `/home/pippo/Libraries/coco/ros_launcher/src/coco_ros_launcher/obj-x86_64-linux-gnu/CMakeFiles/CMakeTmp'


    Feature record: CXX_FEATURE:0cxx_aggregate_default_initializers
    Feature record: CXX_FEATURE:1cxx_alias_templates
    Feature record: CXX_FEATURE:1cxx_alignas
    Feature record: CXX_FEATURE:1cxx_alignof
    Feature record: CXX_FEATURE:1cxx_attributes
    Feature record: CXX_FEATURE:0cxx_attribute_deprecated
    Feature record: CXX_FEATURE:1cxx_auto_type
    Feature record: CXX_FEATURE:0cxx_binary_literals
    Feature record: CXX_FEATURE:1cxx_constexpr
    Feature record: CXX_FEATURE:0cxx_contextual_conversions
    Feature record: CXX_FEATURE:1cxx_decltype
    Feature record: CXX_FEATURE:0cxx_decltype_auto
    Feature record: CXX_FEATURE:1cxx_decltype_incomplete_return_types
    Feature record: CXX_FEATURE:1cxx_default_function_template_args
    Feature record: CXX_FEATURE:1cxx_defaulted_functions
    Feature record: CXX_FEATURE:1cxx_defaulted_move_initializers
    Feature record: CXX_FEATURE:1cxx_delegating_constructors
    Feature record: CXX_FEATURE:1cxx_deleted_functions
    Feature record: CXX_FEATURE:0cxx_digit_separators
    Feature record: CXX_FEATURE:1cxx_enum_forward_declarations
    Feature record: CXX_FEATURE:1cxx_explicit_conversions
    Feature record: CXX_FEATURE:1cxx_extended_friend_declarations
    Feature record: CXX_FEATURE:1cxx_extern_templates
    Feature record: CXX_FEATURE:1cxx_final
    Feature record: CXX_FEATURE:1cxx_func_identifier
    Feature record: CXX_FEATURE:1cxx_generalized_initializers
    Feature record: CXX_FEATURE:0cxx_generic_lambdas
    Feature record: CXX_FEATURE:1cxx_inheriting_constructors
    Feature record: CXX_FEATURE:1cxx_inline_namespaces
    Feature record: CXX_FEATURE:1cxx_lambdas
    Feature record: CXX_FEATURE:0cxx_lambda_init_captures
    Feature record: CXX_FEATURE:1cxx_local_type_template_args
    Feature record: CXX_FEATURE:1cxx_long_long_type
    Feature record: CXX_FEATURE:1cxx_noexcept
    Feature record: CXX_FEATURE:1cxx_nonstatic_member_init
    Feature record: CXX_FEATURE:1cxx_nullptr
    Feature record: CXX_FEATURE:1cxx_override
    Feature record: CXX_FEATURE:1cxx_range_for
    Feature record: CXX_FEATURE:1cxx_raw_string_literals
    Feature record: CXX_FEATURE:1cxx_reference_qualified_functions
    Feature record: CXX_FEATURE:0cxx_relaxed_constexpr
    Feature record: CXX_FEATURE:0cxx_return_type_deduction
    Feature record: CXX_FEATURE:1cxx_right_angle_brackets
    Feature record: CXX_FEATURE:1cxx_rvalue_references
    Feature record: CXX_FEATURE:1cxx_sizeof_member
    Feature record: CXX_FEATURE:1cxx_static_assert
    Feature record: CXX_FEATURE:1cxx_strong_enums
    Feature record: CXX_FEATURE:1cxx_template_template_parameters
    Feature record: CXX_FEATURE:1cxx_thread_local
    Feature record: CXX_FEATURE:1cxx_trailing_return_types
    Feature record: CXX_FEATURE:1cxx_unicode_literals
    Feature record: CXX_FEATURE:1cxx_uniform_initialization
    Feature record: CXX_FEATURE:1cxx_unrestricted_unions
    Feature record: CXX_FEATURE:1cxx_user_literals
    Feature record: CXX_FEATURE:0cxx_variable_templates
    Feature record: CXX_FEATURE:1cxx_variadic_macros
    Feature record: CXX_FEATURE:1cxx_variadic_templates


Detecting CXX [-std=c++11] compiler features compiled with the following output:
Change Dir: /home/pippo/Libraries/coco/ros_launcher/src/coco_ros_launcher/obj-x86_64-linux-gnu/CMakeFiles/CMakeTmp

Run Build Command:"/usr/bin/make" "cmTryCompileExec2670548604/fast"
make[2]: Entering directory `/home/pippo/Libraries/coco/ros_launcher/src/coco_ros_launcher/obj-x86_64-linux-gnu/CMakeFiles/CMakeTmp'
/usr/bin/make -f CMakeFiles/cmTryCompileExec2670548604.dir/build.make CMakeFiles/cmTryCompileExec2670548604.dir/build
make[3]: Entering directory `/home/pippo/Libraries/coco/ros_launcher/src/coco_ros_launcher/obj-x86_64-linux-gnu/CMakeFiles/CMakeTmp'
/usr/bin/cmake -E cmake_progress_report /home/pippo/Libraries/coco/ros_launcher/src/coco_ros_launcher/obj-x86_64-linux-gnu/CMakeFiles/CMakeTmp/CMakeFiles 1
Building CXX object CMakeFiles/cmTryCompileExec2670548604.dir/feature_tests.cxx.o
/usr/bin/c++    -g -O2 -fstack-protector --param=ssp-buffer-size=4 -Wformat -Werror=format-security -DNDEBUG -D_FORTIFY_SOURCE=2     -std=c++11 -o CMakeFiles/cmTryCompileExec2670548604.dir/feature_tests.cxx.o -c /home/pippo/Libraries/coco/ros_launcher/src/coco_ros_launcher/obj-x86_64-linux-gnu/CMakeFiles/feature_tests.cxx
Linking CXX executable cmTryCompileExec2670548604
/usr/bin/cmake -E cmake_link_script CMakeFiles/cmTryCompileExec2670548604.dir/link.txt --verbose=1
/usr/bin/c++   -g -O2 -fstack-protector --param=ssp-buffer-size=4 -Wformat -Werror=format-security -DNDEBUG -D_FORTIFY_SOURCE=2      CMakeFiles/cmTryCompileExec2670548604.dir/feature_tests.cxx.o  -o cmTryCompileExec2670548604 -rdynamic 
make[3]: Leaving directory `/home/pippo/Libraries/coco/ros_launcher/src/coco_ros_launcher/obj-x86_64-linux-gnu/CMakeFiles/CMakeTmp'
make[2]: Leaving directory `/home/pippo/Libraries/coco/ros_launcher/src/coco_ros_launcher/obj-x86_64-linux-gnu/CMakeFiles/CMakeTmp'


    Feature record: CXX_FEATURE:0cxx_aggregate_default_initializers
    Feature record: CXX_FEATURE:1cxx_alias_templates
    Feature record: CXX_FEATURE:1cxx_alignas
    Feature record: CXX_FEATURE:1cxx_alignof
    Feature record: CXX_FEATURE:1cxx_attributes
    Feature record: CXX_FEATURE:0cxx_attribute_deprecated
    Feature record: CXX_FEATURE:1cxx_auto_type
    Feature record: CXX_FEATURE:0cxx_binary_literals
    Feature record: CXX_FEATURE:1cxx_constexpr
    Feature record: CXX_FEATURE:0cxx_contextual_conversions
    Feature record: CXX_FEATURE:1cxx_decltype
    Feature record: CXX_FEATURE:0cxx_decltype_auto
    Feature record: CXX_FEATURE:1cxx_decltype_incomplete_return_types
    Feature record: CXX_FEATURE:1cxx_default_function_template_args
    Feature record: CXX_FEATURE:1cxx_defaulted_functions
    Feature record: CXX_FEATURE:1cxx_defaulted_move_initializers
    Feature record: CXX_FEATURE:1cxx_delegating_constructors
    Feature record: CXX_FEATURE:1cxx_deleted_functions
    Feature record: CXX_FEATURE:0cxx_digit_separators
    Feature record: CXX_FEATURE:1cxx_enum_forward_declarations
    Feature record: CXX_FEATURE:1cxx_explicit_conversions
    Feature record: CXX_FEATURE:1cxx_extended_friend_declarations
    Feature record: CXX_FEATURE:1cxx_extern_templates
    Feature record: CXX_FEATURE:1cxx_final
    Feature record: CXX_FEATURE:1cxx_func_identifier
    Feature record: CXX_FEATURE:1cxx_generalized_initializers
    Feature record: CXX_FEATURE:0cxx_generic_lambdas
    Feature record: CXX_FEATURE:1cxx_inheriting_constructors
    Feature record: CXX_FEATURE:1cxx_inline_namespaces
    Feature record: CXX_FEATURE:1cxx_lambdas
    Feature record: CXX_FEATURE:0cxx_lambda_init_captures
    Feature record: CXX_FEATURE:1cxx_local_type_template_args
    Feature record: CXX_FEATURE:1cxx_long_long_type
    Feature record: CXX_FEATURE:1cxx_noexcept
    Feature record: CXX_FEATURE:1cxx_nonstatic_member_init
    Feature record: CXX_FEATURE:1cxx_nullptr
    Feature record: CXX_FEATURE:1cxx_override
    Feature record: CXX_FEATURE:1cxx_range_for
    Feature record: CXX_FEATURE:1cxx_raw_string_literals
    Feature record: CXX_FEATURE:1cxx_reference_qualified_functions
    Feature record: CXX_FEATURE:0cxx_relaxed_constexpr
    Feature record: CXX_FEATURE:0cxx_return_type_deduction
    Feature record: CXX_FEATURE:1cxx_right_angle_brackets
    Feature record: CXX_FEATURE:1cxx_rvalue_references
    Feature record: CXX_FEATURE:1cxx_sizeof_member
    Feature record: CXX_FEATURE:1cxx_static_assert
    Feature record: CXX_FEATURE:1cxx_strong_enums
    Feature record: CXX_FEATURE:1cxx_template_template_parameters
    Feature record: CXX_FEATURE:1cxx_thread_local
    Feature record: CXX_FEATURE:1cxx_trailing_return_types
    Feature record: CXX_FEATURE:1cxx_unicode_literals
    Feature record: CXX_FEATURE:1cxx_uniform_initialization
    Feature record: CXX_FEATURE:1cxx_unrestricted_unions
    Feature record: CXX_FEATURE:1cxx_user_literals
    Feature record: CXX_FEATURE:0cxx_variable_templates
    Feature record: CXX_FEATURE:1cxx_variadic_macros
    Feature record: CXX_FEATURE:1cxx_variadic_templates


Detecting CXX [-std=c++98] compiler features compiled with the following output:
Change Dir: /home/pippo/Libraries/coco/ros_launcher/src/coco_ros_launcher/obj-x86_64-linux-gnu/CMakeFiles/CMakeTmp

Run Build Command:"/usr/bin/make" "cmTryCompileExec1172465674/fast"
make[2]: Entering directory `/home/pippo/Libraries/coco/ros_launcher/src/coco_ros_launcher/obj-x86_64-linux-gnu/CMakeFiles/CMakeTmp'
/usr/bin/make -f CMakeFiles/cmTryCompileExec1172465674.dir/build.make CMakeFiles/cmTryCompileExec1172465674.dir/build
make[3]: Entering directory `/home/pippo/Libraries/coco/ros_launcher/src/coco_ros_launcher/obj-x86_64-linux-gnu/CMakeFiles/CMakeTmp'
/usr/bin/cmake -E cmake_progress_report /home/pippo/Libraries/coco/ros_launcher/src/coco_ros_launcher/obj-x86_64-linux-gnu/CMakeFiles/CMakeTmp/CMakeFiles 1
Building CXX object CMakeFiles/cmTryCompileExec1172465674.dir/feature_tests.cxx.o
/usr/bin/c++    -g -O2 -fstack-protector --param=ssp-buffer-size=4 -Wformat -Werror=format-security -DNDEBUG -D_FORTIFY_SOURCE=2     -std=c++98 -o CMakeFiles/cmTryCompileExec1172465674.dir/feature_tests.cxx.o -c /home/pippo/Libraries/coco/ros_launcher/src/coco_ros_launcher/obj-x86_64-linux-gnu/CMakeFiles/feature_tests.cxx
Linking CXX executable cmTryCompileExec1172465674
/usr/bin/cmake -E cmake_link_script CMakeFiles/cmTryCompileExec1172465674.dir/link.txt --verbose=1
/usr/bin/c++   -g -O2 -fstack-protector --param=ssp-buffer-size=4 -Wformat -Werror=format-security -DNDEBUG -D_FORTIFY_SOURCE=2      CMakeFiles/cmTryCompileExec1172465674.dir/feature_tests.cxx.o  -o cmTryCompileExec1172465674 -rdynamic 
make[3]: Leaving directory `/home/pippo/Libraries/coco/ros_launcher/src/coco_ros_launcher/obj-x86_64-linux-gnu/CMakeFiles/CMakeTmp'
make[2]: Leaving directory `/home/pippo/Libraries/coco/ros_launcher/src/coco_ros_launcher/obj-x86_64-linux-gnu/CMakeFiles/CMakeTmp'


    Feature record: CXX_FEATURE:0cxx_aggregate_default_initializers
    Feature record: CXX_FEATURE:0cxx_alias_templates
    Feature record: CXX_FEATURE:0cxx_alignas
    Feature record: CXX_FEATURE:0cxx_alignof
    Feature record: CXX_FEATURE:0cxx_attributes
    Feature record: CXX_FEATURE:0cxx_attribute_deprecated
    Feature record: CXX_FEATURE:0cxx_auto_type
    Feature record: CXX_FEATURE:0cxx_binary_literals
    Feature record: CXX_FEATURE:0cxx_constexpr
    Feature record: CXX_FEATURE:0cxx_contextual_conversions
    Feature record: CXX_FEATURE:0cxx_decltype
    Feature record: CXX_FEATURE:0cxx_decltype_auto
    Feature record: CXX_FEATURE:0cxx_decltype_incomplete_return_types
    Feature record: CXX_FEATURE:0cxx_default_function_template_args
    Feature record: CXX_FEATURE:0cxx_defaulted_functions
    Feature record: CXX_FEATURE:0cxx_defaulted_move_initializers
    Feature record: CXX_FEATURE:0cxx_delegating_constructors
    Feature record: CXX_FEATURE:0cxx_deleted_functions
    Feature record: CXX_FEATURE:0cxx_digit_separators
    Feature record: CXX_FEATURE:0cxx_enum_forward_declarations
    Feature record: CXX_FEATURE:0cxx_explicit_conversions
    Feature record: CXX_FEATURE:0cxx_extended_friend_declarations
    Feature record: CXX_FEATURE:0cxx_extern_templates
    Feature record: CXX_FEATURE:0cxx_final
    Feature record: CXX_FEATURE:0cxx_func_identifier
    Feature record: CXX_FEATURE:0cxx_generalized_initializers
    Feature record: CXX_FEATURE:0cxx_generic_lambdas
    Feature record: CXX_FEATURE:0cxx_inheriting_constructors
    Feature record: CXX_FEATURE:0cxx_inline_namespaces
    Feature record: CXX_FEATURE:0cxx_lambdas
    Feature record: CXX_FEATURE:0cxx_lambda_init_captures
    Feature record: CXX_FEATURE:0cxx_local_type_template_args
    Feature record: CXX_FEATURE:0cxx_long_long_type
    Feature record: CXX_FEATURE:0cxx_noexcept
    Feature record: CXX_FEATURE:0cxx_nonstatic_member_init
    Feature record: CXX_FEATURE:0cxx_nullptr
    Feature record: CXX_FEATURE:0cxx_override
    Feature record: CXX_FEATURE:0cxx_range_for
    Feature record: CXX_FEATURE:0cxx_raw_string_literals
    Feature record: CXX_FEATURE:0cxx_reference_qualified_functions
    Feature record: CXX_FEATURE:0cxx_relaxed_constexpr
    Feature record: CXX_FEATURE:0cxx_return_type_deduction
    Feature record: CXX_FEATURE:0cxx_right_angle_brackets
    Feature record: CXX_FEATURE:0cxx_rvalue_references
    Feature record: CXX_FEATURE:0cxx_sizeof_member
    Feature record: CXX_FEATURE:0cxx_static_assert
    Feature record: CXX_FEATURE:0cxx_strong_enums
    Feature record: CXX_FEATURE:1cxx_template_template_parameters
    Feature record: CXX_FEATURE:0cxx_thread_local
    Feature record: CXX_FEATURE:0cxx_trailing_return_types
    Feature record: CXX_FEATURE:0cxx_unicode_literals
    Feature record: CXX_FEATURE:0cxx_uniform_initialization
    Feature record: CXX_FEATURE:0cxx_unrestricted_unions
    Feature record: CXX_FEATURE:0cxx_user_literals
    Feature record: CXX_FEATURE:0cxx_variable_templates
    Feature record: CXX_FEATURE:0cxx_variadic_macros
    Feature record: CXX_FEATURE:0cxx_variadic_templates
Determining if files pthread.h exist passed with the following output:
Change Dir: /home/pippo/Libraries/coco/ros_launcher/src/coco_ros_launcher/obj-x86_64-linux-gnu/CMakeFiles/CMakeTmp

Run Build Command:"/usr/bin/make" "cmTryCompileExec993516670/fast"
make[2]: Entering directory `/home/pippo/Libraries/coco/ros_launcher/src/coco_ros_launcher/obj-x86_64-linux-gnu/CMakeFiles/CMakeTmp'
/usr/bin/make -f CMakeFiles/cmTryCompileExec993516670.dir/build.make CMakeFiles/cmTryCompileExec993516670.dir/build
make[3]: Entering directory `/home/pippo/Libraries/coco/ros_launcher/src/coco_ros_launcher/obj-x86_64-linux-gnu/CMakeFiles/CMakeTmp'
/usr/bin/cmake -E cmake_progress_report /home/pippo/Libraries/coco/ros_launcher/src/coco_ros_launcher/obj-x86_64-linux-gnu/CMakeFiles/CMakeTmp/CMakeFiles 1
Building C object CMakeFiles/cmTryCompileExec993516670.dir/CheckIncludeFiles.c.o
/usr/bin/cc   -g -O2 -fstack-protector --param=ssp-buffer-size=4 -Wformat -Werror=format-security -D_FORTIFY_SOURCE=2     -o CMakeFiles/cmTryCompileExec993516670.dir/CheckIncludeFiles.c.o   -c /home/pippo/Libraries/coco/ros_launcher/src/coco_ros_launcher/obj-x86_64-linux-gnu/CMakeFiles/CMakeTmp/CheckIncludeFiles.c
Linking C executable cmTryCompileExec993516670
/usr/bin/cmake -E cmake_link_script CMakeFiles/cmTryCompileExec993516670.dir/link.txt --verbose=1
/usr/bin/cc  -g -O2 -fstack-protector --param=ssp-buffer-size=4 -Wformat -Werror=format-security -D_FORTIFY_SOURCE=2      CMakeFiles/cmTryCompileExec993516670.dir/CheckIncludeFiles.c.o  -o cmTryCompileExec993516670 -rdynamic 
make[3]: Leaving directory `/home/pippo/Libraries/coco/ros_launcher/src/coco_ros_launcher/obj-x86_64-linux-gnu/CMakeFiles/CMakeTmp'
make[2]: Leaving directory `/home/pippo/Libraries/coco/ros_launcher/src/coco_ros_launcher/obj-x86_64-linux-gnu/CMakeFiles/CMakeTmp'


Determining if the function pthread_create exists in the pthread passed with the following output:
Change Dir: /home/pippo/Libraries/coco/ros_launcher/src/coco_ros_launcher/obj-x86_64-linux-gnu/CMakeFiles/CMakeTmp

Run Build Command:"/usr/bin/make" "cmTryCompileExec1204887830/fast"
make[2]: Entering directory `/home/pippo/Libraries/coco/ros_launcher/src/coco_ros_launcher/obj-x86_64-linux-gnu/CMakeFiles/CMakeTmp'
/usr/bin/make -f CMakeFiles/cmTryCompileExec1204887830.dir/build.make CMakeFiles/cmTryCompileExec1204887830.dir/build
make[3]: Entering directory `/home/pippo/Libraries/coco/ros_launcher/src/coco_ros_launcher/obj-x86_64-linux-gnu/CMakeFiles/CMakeTmp'
/usr/bin/cmake -E cmake_progress_report /home/pippo/Libraries/coco/ros_launcher/src/coco_ros_launcher/obj-x86_64-linux-gnu/CMakeFiles/CMakeTmp/CMakeFiles 1
Building C object CMakeFiles/cmTryCompileExec1204887830.dir/CheckFunctionExists.c.o
/usr/bin/cc   -g -O2 -fstack-protector --param=ssp-buffer-size=4 -Wformat -Werror=format-security -D_FORTIFY_SOURCE=2  -DCHECK_FUNCTION_EXISTS=pthread_create   -o CMakeFiles/cmTryCompileExec1204887830.dir/CheckFunctionExists.c.o   -c /usr/share/cmake-3.2/Modules/CheckFunctionExists.c
Linking C executable cmTryCompileExec1204887830
/usr/bin/cmake -E cmake_link_script CMakeFiles/cmTryCompileExec1204887830.dir/link.txt --verbose=1
/usr/bin/cc  -g -O2 -fstack-protector --param=ssp-buffer-size=4 -Wformat -Werror=format-security -D_FORTIFY_SOURCE=2  -DCHECK_FUNCTION_EXISTS=pthread_create    CMakeFiles/cmTryCompileExec1204887830.dir/CheckFunctionExists.c.o  -o cmTryCompileExec1204887830 -rdynamic -lpthread 
make[3]: Leaving directory `/home/pippo/Libraries/coco/ros_launcher/src/coco_ros_launcher/obj-x86_64-linux-gnu/CMakeFiles/CMakeTmp'
make[2]: Leaving directory `/home/pippo/Libraries/coco/ros_launcher/src/coco_ros_launcher/obj-x86_64-linux-gnu/CMakeFiles/CMakeTmp'


